2014/07/04 12:35:29 [error] [exception.CHttpException.404] exception 'CHttpException' with message 'Unable to resolve the request "favicon.ico".' in /var/www/appclient/vendor/yiisoft/yii/framework/web/CWebApplication.php:286
Stack trace:
#0 /var/www/appclient/vendor/yiisoft/yii/framework/web/CWebApplication.php(141): CWebApplication->runController('favicon.ico')
#1 /var/www/appclient/vendor/yiisoft/yii/framework/base/CApplication.php(180): CWebApplication->processRequest()
#2 /var/www/appclient/public/index.php(13): CApplication->run()
#3 {main}
REQUEST_URI=/favicon.ico
---
2014/07/05 17:06:11 [error] [exception.CHttpException.404] exception 'CHttpException' with message 'Unable to resolve the request "favicon.ico".' in /var/www/appclient/vendor/yiisoft/yii/framework/web/CWebApplication.php:286
Stack trace:
#0 /var/www/appclient/vendor/yiisoft/yii/framework/web/CWebApplication.php(141): CWebApplication->runController('favicon.ico')
#1 /var/www/appclient/vendor/yiisoft/yii/framework/base/CApplication.php(180): CWebApplication->processRequest()
#2 /var/www/appclient/public/index.php(13): CApplication->run()
#3 {main}
REQUEST_URI=/favicon.ico
---
2014/07/05 17:16:33 [error] [exception.Guzzle\Http\Exception\ClientErrorResponseException] exception 'Guzzle\Http\Exception\ClientErrorResponseException' with message 'Client error response
[status code] 401
[reason phrase] Unauthorized
[url] http://oauth.local/token.php' in /var/www/appclient/vendor/guzzle/guzzle/src/Guzzle/Http/Exception/BadResponseException.php:43
Stack trace:
#0 /var/www/appclient/vendor/guzzle/guzzle/src/Guzzle/Http/Message/Request.php(145): Guzzle\Http\Exception\BadResponseException::factory(Object(Guzzle\Http\Message\EntityEnclosingRequest), Object(Guzzle\Http\Message\Response))
#1 [internal function]: Guzzle\Http\Message\Request::onRequestError(Object(Guzzle\Common\Event), 'request.error', Object(Symfony\Component\EventDispatcher\EventDispatcher))
#2 /var/www/appclient/vendor/symfony/event-dispatcher/Symfony/Component/EventDispatcher/EventDispatcher.php(164): call_user_func(Array, Object(Guzzle\Common\Event), 'request.error', Object(Symfony\Component\EventDispatcher\EventDispatcher))
#3 /var/www/appclient/vendor/symfony/event-dispatcher/Symfony/Component/EventDispatcher/EventDispatcher.php(53): Symfony\Component\EventDispatcher\EventDispatcher->doDispatch(Array, 'request.error', Object(Guzzle\Common\Event))
#4 /var/www/appclient/vendor/guzzle/guzzle/src/Guzzle/Http/Message/Request.php(589): Symfony\Component\EventDispatcher\EventDispatcher->dispatch('request.error', Object(Guzzle\Common\Event))
#5 /var/www/appclient/vendor/guzzle/guzzle/src/Guzzle/Http/Message/Request.php(378): Guzzle\Http\Message\Request->processResponse(Array)
#6 /var/www/appclient/vendor/guzzle/guzzle/src/Guzzle/Http/Message/EntityEnclosingRequest.php(49): Guzzle\Http\Message\Request->setState('complete', Array)
#7 /var/www/appclient/vendor/guzzle/guzzle/src/Guzzle/Http/Curl/CurlMulti.php(290): Guzzle\Http\Message\EntityEnclosingRequest->setState('complete', Array)
#8 /var/www/appclient/vendor/guzzle/guzzle/src/Guzzle/Http/Curl/CurlMulti.php(248): Guzzle\Http\Curl\CurlMulti->processResponse(Object(Guzzle\Http\Message\EntityEnclosingRequest), Object(Guzzle\Http\Curl\CurlHandle), Array)
#9 /var/www/appclient/vendor/guzzle/guzzle/src/Guzzle/Http/Curl/CurlMulti.php(231): Guzzle\Http\Curl\CurlMulti->processMessages()
#10 /var/www/appclient/vendor/guzzle/guzzle/src/Guzzle/Http/Curl/CurlMulti.php(215): Guzzle\Http\Curl\CurlMulti->executeHandles()
#11 /var/www/appclient/vendor/guzzle/guzzle/src/Guzzle/Http/Curl/CurlMulti.php(109): Guzzle\Http\Curl\CurlMulti->perform()
#12 /var/www/appclient/vendor/guzzle/guzzle/src/Guzzle/Http/Curl/CurlMultiProxy.php(94): Guzzle\Http\Curl\CurlMulti->send()
#13 /var/www/appclient/vendor/guzzle/guzzle/src/Guzzle/Http/Client.php(284): Guzzle\Http\Curl\CurlMultiProxy->send()
#14 /var/www/appclient/vendor/guzzle/guzzle/src/Guzzle/Http/Message/Request.php(198): Guzzle\Http\Client->send(Object(Guzzle\Http\Message\EntityEnclosingRequest))
#15 /var/www/appclient/vendor/guzzle/guzzle/src/Guzzle/Http/StaticClient.php(57): Guzzle\Http\Message\Request->send()
#16 /var/www/appclient/vendor/guzzle/guzzle/src/Guzzle/Http/StaticClient.php(113): Guzzle\Http\StaticClient::request('POST', 'http://oauth.lo...', Array)
#17 /var/www/appclient/protected/components/OauthUserIdentity.php(52): Guzzle\Http\StaticClient::post('http://oauth.lo...', Array)
#18 /var/www/appclient/protected/controllers/AuthController.php(29): OauthUserIdentity->authenticate()
#19 /var/www/appclient/vendor/yiisoft/yii/framework/web/actions/CInlineAction.php(49): AuthController->actionReturn()
#20 /var/www/appclient/vendor/yiisoft/yii/framework/web/CController.php(308): CInlineAction->runWithParams(Array)
#21 /var/www/appclient/vendor/yiisoft/yii/framework/web/CController.php(286): CController->runAction(Object(CInlineAction))
#22 /var/www/appclient/vendor/yiisoft/yii/framework/web/CController.php(265): CController->runActionWithFilters(Object(CInlineAction), Array)
#23 /var/www/appclient/vendor/yiisoft/yii/framework/web/CWebApplication.php(282): CController->run('return')
#24 /var/www/appclient/vendor/yiisoft/yii/framework/web/CWebApplication.php(141): CWebApplication->runController('auth/return')
#25 /var/www/appclient/vendor/yiisoft/yii/framework/base/CApplication.php(180): CWebApplication->processRequest()
#26 /var/www/appclient/public/index.php(15): CApplication->run()
#27 {main}
REQUEST_URI=/auth/return?code=d79a1c884a5da7607b464401ff566e2a&state=5e3346987c373556b427ef1e8d3d01e8
HTTP_REFERER=http://oauth.local/authorize.php?client_id=appclient&response_type=code&scope=profile%20documents%20tokeninfo&state=5e3346987c373556b427ef1e8d3d01e8
---
2014/07/05 17:23:04 [error] [exception.Guzzle\Http\Exception\ClientErrorResponseException] exception 'Guzzle\Http\Exception\ClientErrorResponseException' with message 'Client error response
[status code] 401
[reason phrase] Unauthorized
[url] http://oauth.local/token.php' in /var/www/appclient/vendor/guzzle/guzzle/src/Guzzle/Http/Exception/BadResponseException.php:43
Stack trace:
#0 /var/www/appclient/vendor/guzzle/guzzle/src/Guzzle/Http/Message/Request.php(145): Guzzle\Http\Exception\BadResponseException::factory(Object(Guzzle\Http\Message\EntityEnclosingRequest), Object(Guzzle\Http\Message\Response))
#1 [internal function]: Guzzle\Http\Message\Request::onRequestError(Object(Guzzle\Common\Event), 'request.error', Object(Symfony\Component\EventDispatcher\EventDispatcher))
#2 /var/www/appclient/vendor/symfony/event-dispatcher/Symfony/Component/EventDispatcher/EventDispatcher.php(164): call_user_func(Array, Object(Guzzle\Common\Event), 'request.error', Object(Symfony\Component\EventDispatcher\EventDispatcher))
#3 /var/www/appclient/vendor/symfony/event-dispatcher/Symfony/Component/EventDispatcher/EventDispatcher.php(53): Symfony\Component\EventDispatcher\EventDispatcher->doDispatch(Array, 'request.error', Object(Guzzle\Common\Event))
#4 /var/www/appclient/vendor/guzzle/guzzle/src/Guzzle/Http/Message/Request.php(589): Symfony\Component\EventDispatcher\EventDispatcher->dispatch('request.error', Object(Guzzle\Common\Event))
#5 /var/www/appclient/vendor/guzzle/guzzle/src/Guzzle/Http/Message/Request.php(378): Guzzle\Http\Message\Request->processResponse(Array)
#6 /var/www/appclient/vendor/guzzle/guzzle/src/Guzzle/Http/Message/EntityEnclosingRequest.php(49): Guzzle\Http\Message\Request->setState('complete', Array)
#7 /var/www/appclient/vendor/guzzle/guzzle/src/Guzzle/Http/Curl/CurlMulti.php(290): Guzzle\Http\Message\EntityEnclosingRequest->setState('complete', Array)
#8 /var/www/appclient/vendor/guzzle/guzzle/src/Guzzle/Http/Curl/CurlMulti.php(248): Guzzle\Http\Curl\CurlMulti->processResponse(Object(Guzzle\Http\Message\EntityEnclosingRequest), Object(Guzzle\Http\Curl\CurlHandle), Array)
#9 /var/www/appclient/vendor/guzzle/guzzle/src/Guzzle/Http/Curl/CurlMulti.php(231): Guzzle\Http\Curl\CurlMulti->processMessages()
#10 /var/www/appclient/vendor/guzzle/guzzle/src/Guzzle/Http/Curl/CurlMulti.php(215): Guzzle\Http\Curl\CurlMulti->executeHandles()
#11 /var/www/appclient/vendor/guzzle/guzzle/src/Guzzle/Http/Curl/CurlMulti.php(109): Guzzle\Http\Curl\CurlMulti->perform()
#12 /var/www/appclient/vendor/guzzle/guzzle/src/Guzzle/Http/Curl/CurlMultiProxy.php(94): Guzzle\Http\Curl\CurlMulti->send()
#13 /var/www/appclient/vendor/guzzle/guzzle/src/Guzzle/Http/Client.php(284): Guzzle\Http\Curl\CurlMultiProxy->send()
#14 /var/www/appclient/vendor/guzzle/guzzle/src/Guzzle/Http/Message/Request.php(198): Guzzle\Http\Client->send(Object(Guzzle\Http\Message\EntityEnclosingRequest))
#15 /var/www/appclient/vendor/guzzle/guzzle/src/Guzzle/Http/StaticClient.php(57): Guzzle\Http\Message\Request->send()
#16 /var/www/appclient/vendor/guzzle/guzzle/src/Guzzle/Http/StaticClient.php(113): Guzzle\Http\StaticClient::request('POST', 'http://oauth.lo...', Array)
#17 /var/www/appclient/protected/components/OauthUserIdentity.php(52): Guzzle\Http\StaticClient::post('http://oauth.lo...', Array)
#18 /var/www/appclient/protected/controllers/AuthController.php(29): OauthUserIdentity->authenticate()
#19 /var/www/appclient/vendor/yiisoft/yii/framework/web/actions/CInlineAction.php(49): AuthController->actionReturn()
#20 /var/www/appclient/vendor/yiisoft/yii/framework/web/CController.php(308): CInlineAction->runWithParams(Array)
#21 /var/www/appclient/vendor/yiisoft/yii/framework/web/CController.php(286): CController->runAction(Object(CInlineAction))
#22 /var/www/appclient/vendor/yiisoft/yii/framework/web/CController.php(265): CController->runActionWithFilters(Object(CInlineAction), Array)
#23 /var/www/appclient/vendor/yiisoft/yii/framework/web/CWebApplication.php(282): CController->run('return')
#24 /var/www/appclient/vendor/yiisoft/yii/framework/web/CWebApplication.php(141): CWebApplication->runController('auth/return')
#25 /var/www/appclient/vendor/yiisoft/yii/framework/base/CApplication.php(180): CWebApplication->processRequest()
#26 /var/www/appclient/public/index.php(15): CApplication->run()
#27 {main}
REQUEST_URI=/auth/return?code=d496385a660a47946e7ee7c8988dc975&state=5e3346987c373556b427ef1e8d3d01e8
HTTP_REFERER=http://appclient.local/
---
2014/07/05 17:23:38 [error] [exception.Guzzle\Http\Exception\ClientErrorResponseException] exception 'Guzzle\Http\Exception\ClientErrorResponseException' with message 'Client error response
[status code] 401
[reason phrase] Unauthorized
[url] http://oauth.local/token.php' in /var/www/appclient/vendor/guzzle/guzzle/src/Guzzle/Http/Exception/BadResponseException.php:43
Stack trace:
#0 /var/www/appclient/vendor/guzzle/guzzle/src/Guzzle/Http/Message/Request.php(145): Guzzle\Http\Exception\BadResponseException::factory(Object(Guzzle\Http\Message\EntityEnclosingRequest), Object(Guzzle\Http\Message\Response))
#1 [internal function]: Guzzle\Http\Message\Request::onRequestError(Object(Guzzle\Common\Event), 'request.error', Object(Symfony\Component\EventDispatcher\EventDispatcher))
#2 /var/www/appclient/vendor/symfony/event-dispatcher/Symfony/Component/EventDispatcher/EventDispatcher.php(164): call_user_func(Array, Object(Guzzle\Common\Event), 'request.error', Object(Symfony\Component\EventDispatcher\EventDispatcher))
#3 /var/www/appclient/vendor/symfony/event-dispatcher/Symfony/Component/EventDispatcher/EventDispatcher.php(53): Symfony\Component\EventDispatcher\EventDispatcher->doDispatch(Array, 'request.error', Object(Guzzle\Common\Event))
#4 /var/www/appclient/vendor/guzzle/guzzle/src/Guzzle/Http/Message/Request.php(589): Symfony\Component\EventDispatcher\EventDispatcher->dispatch('request.error', Object(Guzzle\Common\Event))
#5 /var/www/appclient/vendor/guzzle/guzzle/src/Guzzle/Http/Message/Request.php(378): Guzzle\Http\Message\Request->processResponse(Array)
#6 /var/www/appclient/vendor/guzzle/guzzle/src/Guzzle/Http/Message/EntityEnclosingRequest.php(49): Guzzle\Http\Message\Request->setState('complete', Array)
#7 /var/www/appclient/vendor/guzzle/guzzle/src/Guzzle/Http/Curl/CurlMulti.php(290): Guzzle\Http\Message\EntityEnclosingRequest->setState('complete', Array)
#8 /var/www/appclient/vendor/guzzle/guzzle/src/Guzzle/Http/Curl/CurlMulti.php(248): Guzzle\Http\Curl\CurlMulti->processResponse(Object(Guzzle\Http\Message\EntityEnclosingRequest), Object(Guzzle\Http\Curl\CurlHandle), Array)
#9 /var/www/appclient/vendor/guzzle/guzzle/src/Guzzle/Http/Curl/CurlMulti.php(231): Guzzle\Http\Curl\CurlMulti->processMessages()
#10 /var/www/appclient/vendor/guzzle/guzzle/src/Guzzle/Http/Curl/CurlMulti.php(215): Guzzle\Http\Curl\CurlMulti->executeHandles()
#11 /var/www/appclient/vendor/guzzle/guzzle/src/Guzzle/Http/Curl/CurlMulti.php(109): Guzzle\Http\Curl\CurlMulti->perform()
#12 /var/www/appclient/vendor/guzzle/guzzle/src/Guzzle/Http/Curl/CurlMultiProxy.php(94): Guzzle\Http\Curl\CurlMulti->send()
#13 /var/www/appclient/vendor/guzzle/guzzle/src/Guzzle/Http/Client.php(284): Guzzle\Http\Curl\CurlMultiProxy->send()
#14 /var/www/appclient/vendor/guzzle/guzzle/src/Guzzle/Http/Message/Request.php(198): Guzzle\Http\Client->send(Object(Guzzle\Http\Message\EntityEnclosingRequest))
#15 /var/www/appclient/vendor/guzzle/guzzle/src/Guzzle/Http/StaticClient.php(57): Guzzle\Http\Message\Request->send()
#16 /var/www/appclient/vendor/guzzle/guzzle/src/Guzzle/Http/StaticClient.php(113): Guzzle\Http\StaticClient::request('POST', 'http://oauth.lo...', Array)
#17 /var/www/appclient/protected/components/OauthUserIdentity.php(52): Guzzle\Http\StaticClient::post('http://oauth.lo...', Array)
#18 /var/www/appclient/protected/controllers/AuthController.php(29): OauthUserIdentity->authenticate()
#19 /var/www/appclient/vendor/yiisoft/yii/framework/web/actions/CInlineAction.php(49): AuthController->actionReturn()
#20 /var/www/appclient/vendor/yiisoft/yii/framework/web/CController.php(308): CInlineAction->runWithParams(Array)
#21 /var/www/appclient/vendor/yiisoft/yii/framework/web/CController.php(286): CController->runAction(Object(CInlineAction))
#22 /var/www/appclient/vendor/yiisoft/yii/framework/web/CController.php(265): CController->runActionWithFilters(Object(CInlineAction), Array)
#23 /var/www/appclient/vendor/yiisoft/yii/framework/web/CWebApplication.php(282): CController->run('return')
#24 /var/www/appclient/vendor/yiisoft/yii/framework/web/CWebApplication.php(141): CWebApplication->runController('auth/return')
#25 /var/www/appclient/vendor/yiisoft/yii/framework/base/CApplication.php(180): CWebApplication->processRequest()
#26 /var/www/appclient/public/index.php(15): CApplication->run()
#27 {main}
REQUEST_URI=/auth/return?code=caaa4c50d57f115d44feb33161061db9&state=80d35da5d3669cb4efc9f78abf7c3010
HTTP_REFERER=http://saml.local/saml2/idp/SSOService.php?SAMLRequest=fZLdbsIwDIVfpcp9aQlQIAIkBpqGxDZE2S52M2VNOiKlSRe7%2B3n7pYFNICGuEtk%2BJ58dT4BXumbzBvdmKz8aCRh9V9oAC4kpaZxhloMCZnglgWHB8vn9mtFOympn0RZWkxPJdQUHkA6VNSRaLafktUxHlI57ZVnSTGS8zNKRHPczMRplYpgOinJQCNod9Md9Ej1LB145Jd7IywEauTKA3KAPpd1%2BnA7jdLCjXUZ7rDd8IdHSd6MMx6DaI9YsSVrGjrYF1%2BFKEyXqJM8fc%2Bk%2BVSE79b4m0fwPc2ENNJV0x%2BzTdv1vZLmf2dGpsqLRQRtMEzicNOYFhGgojsFbb44zu1FGKPN%2BfVxvhyJgd7vdJt485jsym7TOLLTvZhdYQFW1lgHjAlYlkQuO%2FIxqkpx6Tg4r8eBpVsuN1ar4iW6tqzheh20jSsRlKGV1%2B1uA0qAfp9b2a%2BEkRzkl6BpJktnhzfPNm%2F0C&RelayState=http%3A%2F%2Foauth.local%2Fauthorize.php%3Fclient_id%3Dappclient%26response_type%3Dcode%26scope%3Dprofile%2520documents%2520tokeninfo%26state%3D80d35da5d3669cb4efc9f78abf7c3010
---
2014/07/05 17:23:57 [error] [exception.Guzzle\Http\Exception\ClientErrorResponseException] exception 'Guzzle\Http\Exception\ClientErrorResponseException' with message 'Client error response
[status code] 401
[reason phrase] Unauthorized
[url] http://oauth.local/token.php' in /var/www/appclient/vendor/guzzle/guzzle/src/Guzzle/Http/Exception/BadResponseException.php:43
Stack trace:
#0 /var/www/appclient/vendor/guzzle/guzzle/src/Guzzle/Http/Message/Request.php(145): Guzzle\Http\Exception\BadResponseException::factory(Object(Guzzle\Http\Message\EntityEnclosingRequest), Object(Guzzle\Http\Message\Response))
#1 [internal function]: Guzzle\Http\Message\Request::onRequestError(Object(Guzzle\Common\Event), 'request.error', Object(Symfony\Component\EventDispatcher\EventDispatcher))
#2 /var/www/appclient/vendor/symfony/event-dispatcher/Symfony/Component/EventDispatcher/EventDispatcher.php(164): call_user_func(Array, Object(Guzzle\Common\Event), 'request.error', Object(Symfony\Component\EventDispatcher\EventDispatcher))
#3 /var/www/appclient/vendor/symfony/event-dispatcher/Symfony/Component/EventDispatcher/EventDispatcher.php(53): Symfony\Component\EventDispatcher\EventDispatcher->doDispatch(Array, 'request.error', Object(Guzzle\Common\Event))
#4 /var/www/appclient/vendor/guzzle/guzzle/src/Guzzle/Http/Message/Request.php(589): Symfony\Component\EventDispatcher\EventDispatcher->dispatch('request.error', Object(Guzzle\Common\Event))
#5 /var/www/appclient/vendor/guzzle/guzzle/src/Guzzle/Http/Message/Request.php(378): Guzzle\Http\Message\Request->processResponse(Array)
#6 /var/www/appclient/vendor/guzzle/guzzle/src/Guzzle/Http/Message/EntityEnclosingRequest.php(49): Guzzle\Http\Message\Request->setState('complete', Array)
#7 /var/www/appclient/vendor/guzzle/guzzle/src/Guzzle/Http/Curl/CurlMulti.php(290): Guzzle\Http\Message\EntityEnclosingRequest->setState('complete', Array)
#8 /var/www/appclient/vendor/guzzle/guzzle/src/Guzzle/Http/Curl/CurlMulti.php(248): Guzzle\Http\Curl\CurlMulti->processResponse(Object(Guzzle\Http\Message\EntityEnclosingRequest), Object(Guzzle\Http\Curl\CurlHandle), Array)
#9 /var/www/appclient/vendor/guzzle/guzzle/src/Guzzle/Http/Curl/CurlMulti.php(231): Guzzle\Http\Curl\CurlMulti->processMessages()
#10 /var/www/appclient/vendor/guzzle/guzzle/src/Guzzle/Http/Curl/CurlMulti.php(215): Guzzle\Http\Curl\CurlMulti->executeHandles()
#11 /var/www/appclient/vendor/guzzle/guzzle/src/Guzzle/Http/Curl/CurlMulti.php(109): Guzzle\Http\Curl\CurlMulti->perform()
#12 /var/www/appclient/vendor/guzzle/guzzle/src/Guzzle/Http/Curl/CurlMultiProxy.php(94): Guzzle\Http\Curl\CurlMulti->send()
#13 /var/www/appclient/vendor/guzzle/guzzle/src/Guzzle/Http/Client.php(284): Guzzle\Http\Curl\CurlMultiProxy->send()
#14 /var/www/appclient/vendor/guzzle/guzzle/src/Guzzle/Http/Message/Request.php(198): Guzzle\Http\Client->send(Object(Guzzle\Http\Message\EntityEnclosingRequest))
#15 /var/www/appclient/vendor/guzzle/guzzle/src/Guzzle/Http/StaticClient.php(57): Guzzle\Http\Message\Request->send()
#16 /var/www/appclient/vendor/guzzle/guzzle/src/Guzzle/Http/StaticClient.php(113): Guzzle\Http\StaticClient::request('POST', 'http://oauth.lo...', Array)
#17 /var/www/appclient/protected/components/OauthUserIdentity.php(52): Guzzle\Http\StaticClient::post('http://oauth.lo...', Array)
#18 /var/www/appclient/protected/controllers/AuthController.php(29): OauthUserIdentity->authenticate()
#19 /var/www/appclient/vendor/yiisoft/yii/framework/web/actions/CInlineAction.php(49): AuthController->actionReturn()
#20 /var/www/appclient/vendor/yiisoft/yii/framework/web/CController.php(308): CInlineAction->runWithParams(Array)
#21 /var/www/appclient/vendor/yiisoft/yii/framework/web/CController.php(286): CController->runAction(Object(CInlineAction))
#22 /var/www/appclient/vendor/yiisoft/yii/framework/web/CController.php(265): CController->runActionWithFilters(Object(CInlineAction), Array)
#23 /var/www/appclient/vendor/yiisoft/yii/framework/web/CWebApplication.php(282): CController->run('return')
#24 /var/www/appclient/vendor/yiisoft/yii/framework/web/CWebApplication.php(141): CWebApplication->runController('auth/return')
#25 /var/www/appclient/vendor/yiisoft/yii/framework/base/CApplication.php(180): CWebApplication->processRequest()
#26 /var/www/appclient/public/index.php(15): CApplication->run()
#27 {main}
REQUEST_URI=/auth/return?code=f113289b4e90972cae1e66bec3a22826&state=764be00906af66cd0f0cb06d0fbb2ba3
HTTP_REFERER=http://appclient.local/
---
2014/07/05 17:25:05 [error] [exception.Guzzle\Http\Exception\ClientErrorResponseException] exception 'Guzzle\Http\Exception\ClientErrorResponseException' with message 'Client error response
[status code] 401
[reason phrase] Unauthorized
[url] http://oauth.local/token.php' in /var/www/appclient/vendor/guzzle/guzzle/src/Guzzle/Http/Exception/BadResponseException.php:43
Stack trace:
#0 /var/www/appclient/vendor/guzzle/guzzle/src/Guzzle/Http/Message/Request.php(145): Guzzle\Http\Exception\BadResponseException::factory(Object(Guzzle\Http\Message\EntityEnclosingRequest), Object(Guzzle\Http\Message\Response))
#1 [internal function]: Guzzle\Http\Message\Request::onRequestError(Object(Guzzle\Common\Event), 'request.error', Object(Symfony\Component\EventDispatcher\EventDispatcher))
#2 /var/www/appclient/vendor/symfony/event-dispatcher/Symfony/Component/EventDispatcher/EventDispatcher.php(164): call_user_func(Array, Object(Guzzle\Common\Event), 'request.error', Object(Symfony\Component\EventDispatcher\EventDispatcher))
#3 /var/www/appclient/vendor/symfony/event-dispatcher/Symfony/Component/EventDispatcher/EventDispatcher.php(53): Symfony\Component\EventDispatcher\EventDispatcher->doDispatch(Array, 'request.error', Object(Guzzle\Common\Event))
#4 /var/www/appclient/vendor/guzzle/guzzle/src/Guzzle/Http/Message/Request.php(589): Symfony\Component\EventDispatcher\EventDispatcher->dispatch('request.error', Object(Guzzle\Common\Event))
#5 /var/www/appclient/vendor/guzzle/guzzle/src/Guzzle/Http/Message/Request.php(378): Guzzle\Http\Message\Request->processResponse(Array)
#6 /var/www/appclient/vendor/guzzle/guzzle/src/Guzzle/Http/Message/EntityEnclosingRequest.php(49): Guzzle\Http\Message\Request->setState('complete', Array)
#7 /var/www/appclient/vendor/guzzle/guzzle/src/Guzzle/Http/Curl/CurlMulti.php(290): Guzzle\Http\Message\EntityEnclosingRequest->setState('complete', Array)
#8 /var/www/appclient/vendor/guzzle/guzzle/src/Guzzle/Http/Curl/CurlMulti.php(248): Guzzle\Http\Curl\CurlMulti->processResponse(Object(Guzzle\Http\Message\EntityEnclosingRequest), Object(Guzzle\Http\Curl\CurlHandle), Array)
#9 /var/www/appclient/vendor/guzzle/guzzle/src/Guzzle/Http/Curl/CurlMulti.php(231): Guzzle\Http\Curl\CurlMulti->processMessages()
#10 /var/www/appclient/vendor/guzzle/guzzle/src/Guzzle/Http/Curl/CurlMulti.php(215): Guzzle\Http\Curl\CurlMulti->executeHandles()
#11 /var/www/appclient/vendor/guzzle/guzzle/src/Guzzle/Http/Curl/CurlMulti.php(109): Guzzle\Http\Curl\CurlMulti->perform()
#12 /var/www/appclient/vendor/guzzle/guzzle/src/Guzzle/Http/Curl/CurlMultiProxy.php(94): Guzzle\Http\Curl\CurlMulti->send()
#13 /var/www/appclient/vendor/guzzle/guzzle/src/Guzzle/Http/Client.php(284): Guzzle\Http\Curl\CurlMultiProxy->send()
#14 /var/www/appclient/vendor/guzzle/guzzle/src/Guzzle/Http/Message/Request.php(198): Guzzle\Http\Client->send(Object(Guzzle\Http\Message\EntityEnclosingRequest))
#15 /var/www/appclient/vendor/guzzle/guzzle/src/Guzzle/Http/StaticClient.php(57): Guzzle\Http\Message\Request->send()
#16 /var/www/appclient/vendor/guzzle/guzzle/src/Guzzle/Http/StaticClient.php(113): Guzzle\Http\StaticClient::request('POST', 'http://oauth.lo...', Array)
#17 /var/www/appclient/protected/components/OauthUserIdentity.php(52): Guzzle\Http\StaticClient::post('http://oauth.lo...', Array)
#18 /var/www/appclient/protected/controllers/AuthController.php(29): OauthUserIdentity->authenticate()
#19 /var/www/appclient/vendor/yiisoft/yii/framework/web/actions/CInlineAction.php(49): AuthController->actionReturn()
#20 /var/www/appclient/vendor/yiisoft/yii/framework/web/CController.php(308): CInlineAction->runWithParams(Array)
#21 /var/www/appclient/vendor/yiisoft/yii/framework/web/CController.php(286): CController->runAction(Object(CInlineAction))
#22 /var/www/appclient/vendor/yiisoft/yii/framework/web/CController.php(265): CController->runActionWithFilters(Object(CInlineAction), Array)
#23 /var/www/appclient/vendor/yiisoft/yii/framework/web/CWebApplication.php(282): CController->run('return')
#24 /var/www/appclient/vendor/yiisoft/yii/framework/web/CWebApplication.php(141): CWebApplication->runController('auth/return')
#25 /var/www/appclient/vendor/yiisoft/yii/framework/base/CApplication.php(180): CWebApplication->processRequest()
#26 /var/www/appclient/public/index.php(15): CApplication->run()
#27 {main}
REQUEST_URI=/auth/return?code=eede26e1f410c83b76c7febbb989ec6d&state=993a7a18d79c39a5fde404bb837e2211
HTTP_REFERER=http://oauth.local/authorize.php?client_id=appclient&response_type=code&scope=profile%20documents%20tokeninfo&state=993a7a18d79c39a5fde404bb837e2211
---
2014/07/05 17:28:42 [error] [exception.Guzzle\Http\Exception\ClientErrorResponseException] exception 'Guzzle\Http\Exception\ClientErrorResponseException' with message 'Client error response
[status code] 401
[reason phrase] Unauthorized
[url] http://oauth.local/token.php' in /var/www/appclient/vendor/guzzle/guzzle/src/Guzzle/Http/Exception/BadResponseException.php:43
Stack trace:
#0 /var/www/appclient/vendor/guzzle/guzzle/src/Guzzle/Http/Message/Request.php(145): Guzzle\Http\Exception\BadResponseException::factory(Object(Guzzle\Http\Message\EntityEnclosingRequest), Object(Guzzle\Http\Message\Response))
#1 [internal function]: Guzzle\Http\Message\Request::onRequestError(Object(Guzzle\Common\Event), 'request.error', Object(Symfony\Component\EventDispatcher\EventDispatcher))
#2 /var/www/appclient/vendor/symfony/event-dispatcher/Symfony/Component/EventDispatcher/EventDispatcher.php(164): call_user_func(Array, Object(Guzzle\Common\Event), 'request.error', Object(Symfony\Component\EventDispatcher\EventDispatcher))
#3 /var/www/appclient/vendor/symfony/event-dispatcher/Symfony/Component/EventDispatcher/EventDispatcher.php(53): Symfony\Component\EventDispatcher\EventDispatcher->doDispatch(Array, 'request.error', Object(Guzzle\Common\Event))
#4 /var/www/appclient/vendor/guzzle/guzzle/src/Guzzle/Http/Message/Request.php(589): Symfony\Component\EventDispatcher\EventDispatcher->dispatch('request.error', Object(Guzzle\Common\Event))
#5 /var/www/appclient/vendor/guzzle/guzzle/src/Guzzle/Http/Message/Request.php(378): Guzzle\Http\Message\Request->processResponse(Array)
#6 /var/www/appclient/vendor/guzzle/guzzle/src/Guzzle/Http/Message/EntityEnclosingRequest.php(49): Guzzle\Http\Message\Request->setState('complete', Array)
#7 /var/www/appclient/vendor/guzzle/guzzle/src/Guzzle/Http/Curl/CurlMulti.php(290): Guzzle\Http\Message\EntityEnclosingRequest->setState('complete', Array)
#8 /var/www/appclient/vendor/guzzle/guzzle/src/Guzzle/Http/Curl/CurlMulti.php(248): Guzzle\Http\Curl\CurlMulti->processResponse(Object(Guzzle\Http\Message\EntityEnclosingRequest), Object(Guzzle\Http\Curl\CurlHandle), Array)
#9 /var/www/appclient/vendor/guzzle/guzzle/src/Guzzle/Http/Curl/CurlMulti.php(231): Guzzle\Http\Curl\CurlMulti->processMessages()
#10 /var/www/appclient/vendor/guzzle/guzzle/src/Guzzle/Http/Curl/CurlMulti.php(215): Guzzle\Http\Curl\CurlMulti->executeHandles()
#11 /var/www/appclient/vendor/guzzle/guzzle/src/Guzzle/Http/Curl/CurlMulti.php(109): Guzzle\Http\Curl\CurlMulti->perform()
#12 /var/www/appclient/vendor/guzzle/guzzle/src/Guzzle/Http/Curl/CurlMultiProxy.php(94): Guzzle\Http\Curl\CurlMulti->send()
#13 /var/www/appclient/vendor/guzzle/guzzle/src/Guzzle/Http/Client.php(284): Guzzle\Http\Curl\CurlMultiProxy->send()
#14 /var/www/appclient/vendor/guzzle/guzzle/src/Guzzle/Http/Message/Request.php(198): Guzzle\Http\Client->send(Object(Guzzle\Http\Message\EntityEnclosingRequest))
#15 /var/www/appclient/vendor/guzzle/guzzle/src/Guzzle/Http/StaticClient.php(57): Guzzle\Http\Message\Request->send()
#16 /var/www/appclient/vendor/guzzle/guzzle/src/Guzzle/Http/StaticClient.php(113): Guzzle\Http\StaticClient::request('POST', 'http://oauth.lo...', Array)
#17 /var/www/appclient/protected/components/OauthUserIdentity.php(52): Guzzle\Http\StaticClient::post('http://oauth.lo...', Array)
#18 /var/www/appclient/protected/controllers/AuthController.php(29): OauthUserIdentity->authenticate()
#19 /var/www/appclient/vendor/yiisoft/yii/framework/web/actions/CInlineAction.php(49): AuthController->actionReturn()
#20 /var/www/appclient/vendor/yiisoft/yii/framework/web/CController.php(308): CInlineAction->runWithParams(Array)
#21 /var/www/appclient/vendor/yiisoft/yii/framework/web/CController.php(286): CController->runAction(Object(CInlineAction))
#22 /var/www/appclient/vendor/yiisoft/yii/framework/web/CController.php(265): CController->runActionWithFilters(Object(CInlineAction), Array)
#23 /var/www/appclient/vendor/yiisoft/yii/framework/web/CWebApplication.php(282): CController->run('return')
#24 /var/www/appclient/vendor/yiisoft/yii/framework/web/CWebApplication.php(141): CWebApplication->runController('auth/return')
#25 /var/www/appclient/vendor/yiisoft/yii/framework/base/CApplication.php(180): CWebApplication->processRequest()
#26 /var/www/appclient/public/index.php(15): CApplication->run()
#27 {main}
REQUEST_URI=/auth/return?code=74e861bb60ee4812b84c1d0bd500c74a&state=ced26ddab011ff1e38596690e0c036a5
HTTP_REFERER=http://oauth.local/authorize.php?client_id=appclient&response_type=code&scope=profile%20documents%20tokeninfo&state=ced26ddab011ff1e38596690e0c036a5
---
2014/07/05 17:35:28 [error] [exception.Guzzle\Http\Exception\ClientErrorResponseException] exception 'Guzzle\Http\Exception\ClientErrorResponseException' with message 'Client error response
[status code] 401
[reason phrase] Unauthorized
[url] http://oauth.local/token.php' in /var/www/appclient/vendor/guzzle/guzzle/src/Guzzle/Http/Exception/BadResponseException.php:43
Stack trace:
#0 /var/www/appclient/vendor/guzzle/guzzle/src/Guzzle/Http/Message/Request.php(145): Guzzle\Http\Exception\BadResponseException::factory(Object(Guzzle\Http\Message\EntityEnclosingRequest), Object(Guzzle\Http\Message\Response))
#1 [internal function]: Guzzle\Http\Message\Request::onRequestError(Object(Guzzle\Common\Event), 'request.error', Object(Symfony\Component\EventDispatcher\EventDispatcher))
#2 /var/www/appclient/vendor/symfony/event-dispatcher/Symfony/Component/EventDispatcher/EventDispatcher.php(164): call_user_func(Array, Object(Guzzle\Common\Event), 'request.error', Object(Symfony\Component\EventDispatcher\EventDispatcher))
#3 /var/www/appclient/vendor/symfony/event-dispatcher/Symfony/Component/EventDispatcher/EventDispatcher.php(53): Symfony\Component\EventDispatcher\EventDispatcher->doDispatch(Array, 'request.error', Object(Guzzle\Common\Event))
#4 /var/www/appclient/vendor/guzzle/guzzle/src/Guzzle/Http/Message/Request.php(589): Symfony\Component\EventDispatcher\EventDispatcher->dispatch('request.error', Object(Guzzle\Common\Event))
#5 /var/www/appclient/vendor/guzzle/guzzle/src/Guzzle/Http/Message/Request.php(378): Guzzle\Http\Message\Request->processResponse(Array)
#6 /var/www/appclient/vendor/guzzle/guzzle/src/Guzzle/Http/Message/EntityEnclosingRequest.php(49): Guzzle\Http\Message\Request->setState('complete', Array)
#7 /var/www/appclient/vendor/guzzle/guzzle/src/Guzzle/Http/Curl/CurlMulti.php(290): Guzzle\Http\Message\EntityEnclosingRequest->setState('complete', Array)
#8 /var/www/appclient/vendor/guzzle/guzzle/src/Guzzle/Http/Curl/CurlMulti.php(248): Guzzle\Http\Curl\CurlMulti->processResponse(Object(Guzzle\Http\Message\EntityEnclosingRequest), Object(Guzzle\Http\Curl\CurlHandle), Array)
#9 /var/www/appclient/vendor/guzzle/guzzle/src/Guzzle/Http/Curl/CurlMulti.php(231): Guzzle\Http\Curl\CurlMulti->processMessages()
#10 /var/www/appclient/vendor/guzzle/guzzle/src/Guzzle/Http/Curl/CurlMulti.php(215): Guzzle\Http\Curl\CurlMulti->executeHandles()
#11 /var/www/appclient/vendor/guzzle/guzzle/src/Guzzle/Http/Curl/CurlMulti.php(109): Guzzle\Http\Curl\CurlMulti->perform()
#12 /var/www/appclient/vendor/guzzle/guzzle/src/Guzzle/Http/Curl/CurlMultiProxy.php(94): Guzzle\Http\Curl\CurlMulti->send()
#13 /var/www/appclient/vendor/guzzle/guzzle/src/Guzzle/Http/Client.php(284): Guzzle\Http\Curl\CurlMultiProxy->send()
#14 /var/www/appclient/vendor/guzzle/guzzle/src/Guzzle/Http/Message/Request.php(198): Guzzle\Http\Client->send(Object(Guzzle\Http\Message\EntityEnclosingRequest))
#15 /var/www/appclient/vendor/guzzle/guzzle/src/Guzzle/Http/StaticClient.php(57): Guzzle\Http\Message\Request->send()
#16 /var/www/appclient/vendor/guzzle/guzzle/src/Guzzle/Http/StaticClient.php(113): Guzzle\Http\StaticClient::request('POST', 'http://oauth.lo...', Array)
#17 /var/www/appclient/protected/components/OauthUserIdentity.php(53): Guzzle\Http\StaticClient::post('http://oauth.lo...', Array)
#18 /var/www/appclient/protected/controllers/AuthController.php(29): OauthUserIdentity->authenticate()
#19 /var/www/appclient/vendor/yiisoft/yii/framework/web/actions/CInlineAction.php(49): AuthController->actionReturn()
#20 /var/www/appclient/vendor/yiisoft/yii/framework/web/CController.php(308): CInlineAction->runWithParams(Array)
#21 /var/www/appclient/vendor/yiisoft/yii/framework/web/CController.php(286): CController->runAction(Object(CInlineAction))
#22 /var/www/appclient/vendor/yiisoft/yii/framework/web/CController.php(265): CController->runActionWithFilters(Object(CInlineAction), Array)
#23 /var/www/appclient/vendor/yiisoft/yii/framework/web/CWebApplication.php(282): CController->run('return')
#24 /var/www/appclient/vendor/yiisoft/yii/framework/web/CWebApplication.php(141): CWebApplication->runController('auth/return')
#25 /var/www/appclient/vendor/yiisoft/yii/framework/base/CApplication.php(180): CWebApplication->processRequest()
#26 /var/www/appclient/public/index.php(15): CApplication->run()
#27 {main}
REQUEST_URI=/auth/return?code=64d043b1bdf126ce211d2efd993404a9&state=05a23e9cdd3b4ecbc3701768644738ba
HTTP_REFERER=http://appclient.local/
---
2014/07/05 17:41:55 [error] [exception.Guzzle\Http\Exception\ClientErrorResponseException] exception 'Guzzle\Http\Exception\ClientErrorResponseException' with message 'Client error response
[status code] 401
[reason phrase] Unauthorized
[url] http://oauth.local/token.php' in /var/www/appclient/vendor/guzzle/guzzle/src/Guzzle/Http/Exception/BadResponseException.php:43
Stack trace:
#0 /var/www/appclient/vendor/guzzle/guzzle/src/Guzzle/Http/Message/Request.php(145): Guzzle\Http\Exception\BadResponseException::factory(Object(Guzzle\Http\Message\EntityEnclosingRequest), Object(Guzzle\Http\Message\Response))
#1 [internal function]: Guzzle\Http\Message\Request::onRequestError(Object(Guzzle\Common\Event), 'request.error', Object(Symfony\Component\EventDispatcher\EventDispatcher))
#2 /var/www/appclient/vendor/symfony/event-dispatcher/Symfony/Component/EventDispatcher/EventDispatcher.php(164): call_user_func(Array, Object(Guzzle\Common\Event), 'request.error', Object(Symfony\Component\EventDispatcher\EventDispatcher))
#3 /var/www/appclient/vendor/symfony/event-dispatcher/Symfony/Component/EventDispatcher/EventDispatcher.php(53): Symfony\Component\EventDispatcher\EventDispatcher->doDispatch(Array, 'request.error', Object(Guzzle\Common\Event))
#4 /var/www/appclient/vendor/guzzle/guzzle/src/Guzzle/Http/Message/Request.php(589): Symfony\Component\EventDispatcher\EventDispatcher->dispatch('request.error', Object(Guzzle\Common\Event))
#5 /var/www/appclient/vendor/guzzle/guzzle/src/Guzzle/Http/Message/Request.php(378): Guzzle\Http\Message\Request->processResponse(Array)
#6 /var/www/appclient/vendor/guzzle/guzzle/src/Guzzle/Http/Message/EntityEnclosingRequest.php(49): Guzzle\Http\Message\Request->setState('complete', Array)
#7 /var/www/appclient/vendor/guzzle/guzzle/src/Guzzle/Http/Curl/CurlMulti.php(290): Guzzle\Http\Message\EntityEnclosingRequest->setState('complete', Array)
#8 /var/www/appclient/vendor/guzzle/guzzle/src/Guzzle/Http/Curl/CurlMulti.php(248): Guzzle\Http\Curl\CurlMulti->processResponse(Object(Guzzle\Http\Message\EntityEnclosingRequest), Object(Guzzle\Http\Curl\CurlHandle), Array)
#9 /var/www/appclient/vendor/guzzle/guzzle/src/Guzzle/Http/Curl/CurlMulti.php(231): Guzzle\Http\Curl\CurlMulti->processMessages()
#10 /var/www/appclient/vendor/guzzle/guzzle/src/Guzzle/Http/Curl/CurlMulti.php(215): Guzzle\Http\Curl\CurlMulti->executeHandles()
#11 /var/www/appclient/vendor/guzzle/guzzle/src/Guzzle/Http/Curl/CurlMulti.php(109): Guzzle\Http\Curl\CurlMulti->perform()
#12 /var/www/appclient/vendor/guzzle/guzzle/src/Guzzle/Http/Curl/CurlMultiProxy.php(94): Guzzle\Http\Curl\CurlMulti->send()
#13 /var/www/appclient/vendor/guzzle/guzzle/src/Guzzle/Http/Client.php(284): Guzzle\Http\Curl\CurlMultiProxy->send()
#14 /var/www/appclient/vendor/guzzle/guzzle/src/Guzzle/Http/Message/Request.php(198): Guzzle\Http\Client->send(Object(Guzzle\Http\Message\EntityEnclosingRequest))
#15 /var/www/appclient/vendor/guzzle/guzzle/src/Guzzle/Http/StaticClient.php(57): Guzzle\Http\Message\Request->send()
#16 /var/www/appclient/vendor/guzzle/guzzle/src/Guzzle/Http/StaticClient.php(113): Guzzle\Http\StaticClient::request('POST', 'http://oauth.lo...', Array)
#17 /var/www/appclient/protected/components/OauthUserIdentity.php(54): Guzzle\Http\StaticClient::post('http://oauth.lo...', Array)
#18 /var/www/appclient/protected/controllers/AuthController.php(29): OauthUserIdentity->authenticate()
#19 /var/www/appclient/vendor/yiisoft/yii/framework/web/actions/CInlineAction.php(49): AuthController->actionReturn()
#20 /var/www/appclient/vendor/yiisoft/yii/framework/web/CController.php(308): CInlineAction->runWithParams(Array)
#21 /var/www/appclient/vendor/yiisoft/yii/framework/web/CController.php(286): CController->runAction(Object(CInlineAction))
#22 /var/www/appclient/vendor/yiisoft/yii/framework/web/CController.php(265): CController->runActionWithFilters(Object(CInlineAction), Array)
#23 /var/www/appclient/vendor/yiisoft/yii/framework/web/CWebApplication.php(282): CController->run('return')
#24 /var/www/appclient/vendor/yiisoft/yii/framework/web/CWebApplication.php(141): CWebApplication->runController('auth/return')
#25 /var/www/appclient/vendor/yiisoft/yii/framework/base/CApplication.php(180): CWebApplication->processRequest()
#26 /var/www/appclient/public/index.php(15): CApplication->run()
#27 {main}
REQUEST_URI=/auth/return?code=4c3ebcacb01d1ebe6d61694233ef809e&state=96890644f0d589ed455cd85e23328761
HTTP_REFERER=http://oauth.local/authorize.php?client_id=appclient&response_type=code&scope=profile%20documents%20tokeninfo&state=96890644f0d589ed455cd85e23328761
---
2014/07/05 17:48:25 [error] [exception.Guzzle\Http\Exception\ClientErrorResponseException] exception 'Guzzle\Http\Exception\ClientErrorResponseException' with message 'Client error response
[status code] 400
[reason phrase] Bad Request
[url] http://oauth.local/token.php' in /var/www/appclient/vendor/guzzle/guzzle/src/Guzzle/Http/Exception/BadResponseException.php:43
Stack trace:
#0 /var/www/appclient/vendor/guzzle/guzzle/src/Guzzle/Http/Message/Request.php(145): Guzzle\Http\Exception\BadResponseException::factory(Object(Guzzle\Http\Message\EntityEnclosingRequest), Object(Guzzle\Http\Message\Response))
#1 [internal function]: Guzzle\Http\Message\Request::onRequestError(Object(Guzzle\Common\Event), 'request.error', Object(Symfony\Component\EventDispatcher\EventDispatcher))
#2 /var/www/appclient/vendor/symfony/event-dispatcher/Symfony/Component/EventDispatcher/EventDispatcher.php(164): call_user_func(Array, Object(Guzzle\Common\Event), 'request.error', Object(Symfony\Component\EventDispatcher\EventDispatcher))
#3 /var/www/appclient/vendor/symfony/event-dispatcher/Symfony/Component/EventDispatcher/EventDispatcher.php(53): Symfony\Component\EventDispatcher\EventDispatcher->doDispatch(Array, 'request.error', Object(Guzzle\Common\Event))
#4 /var/www/appclient/vendor/guzzle/guzzle/src/Guzzle/Http/Message/Request.php(589): Symfony\Component\EventDispatcher\EventDispatcher->dispatch('request.error', Object(Guzzle\Common\Event))
#5 /var/www/appclient/vendor/guzzle/guzzle/src/Guzzle/Http/Message/Request.php(378): Guzzle\Http\Message\Request->processResponse(Array)
#6 /var/www/appclient/vendor/guzzle/guzzle/src/Guzzle/Http/Message/EntityEnclosingRequest.php(49): Guzzle\Http\Message\Request->setState('complete', Array)
#7 /var/www/appclient/vendor/guzzle/guzzle/src/Guzzle/Http/Curl/CurlMulti.php(290): Guzzle\Http\Message\EntityEnclosingRequest->setState('complete', Array)
#8 /var/www/appclient/vendor/guzzle/guzzle/src/Guzzle/Http/Curl/CurlMulti.php(248): Guzzle\Http\Curl\CurlMulti->processResponse(Object(Guzzle\Http\Message\EntityEnclosingRequest), Object(Guzzle\Http\Curl\CurlHandle), Array)
#9 /var/www/appclient/vendor/guzzle/guzzle/src/Guzzle/Http/Curl/CurlMulti.php(231): Guzzle\Http\Curl\CurlMulti->processMessages()
#10 /var/www/appclient/vendor/guzzle/guzzle/src/Guzzle/Http/Curl/CurlMulti.php(215): Guzzle\Http\Curl\CurlMulti->executeHandles()
#11 /var/www/appclient/vendor/guzzle/guzzle/src/Guzzle/Http/Curl/CurlMulti.php(109): Guzzle\Http\Curl\CurlMulti->perform()
#12 /var/www/appclient/vendor/guzzle/guzzle/src/Guzzle/Http/Curl/CurlMultiProxy.php(94): Guzzle\Http\Curl\CurlMulti->send()
#13 /var/www/appclient/vendor/guzzle/guzzle/src/Guzzle/Http/Client.php(284): Guzzle\Http\Curl\CurlMultiProxy->send()
#14 /var/www/appclient/vendor/guzzle/guzzle/src/Guzzle/Http/Message/Request.php(198): Guzzle\Http\Client->send(Object(Guzzle\Http\Message\EntityEnclosingRequest))
#15 /var/www/appclient/vendor/guzzle/guzzle/src/Guzzle/Http/StaticClient.php(57): Guzzle\Http\Message\Request->send()
#16 /var/www/appclient/vendor/guzzle/guzzle/src/Guzzle/Http/StaticClient.php(113): Guzzle\Http\StaticClient::request('POST', 'http://oauth.lo...', Array)
#17 /var/www/appclient/protected/components/OauthUserIdentity.php(54): Guzzle\Http\StaticClient::post('http://oauth.lo...', Array)
#18 /var/www/appclient/protected/controllers/AuthController.php(29): OauthUserIdentity->authenticate()
#19 /var/www/appclient/vendor/yiisoft/yii/framework/web/actions/CInlineAction.php(49): AuthController->actionReturn()
#20 /var/www/appclient/vendor/yiisoft/yii/framework/web/CController.php(308): CInlineAction->runWithParams(Array)
#21 /var/www/appclient/vendor/yiisoft/yii/framework/web/CController.php(286): CController->runAction(Object(CInlineAction))
#22 /var/www/appclient/vendor/yiisoft/yii/framework/web/CController.php(265): CController->runActionWithFilters(Object(CInlineAction), Array)
#23 /var/www/appclient/vendor/yiisoft/yii/framework/web/CWebApplication.php(282): CController->run('return')
#24 /var/www/appclient/vendor/yiisoft/yii/framework/web/CWebApplication.php(141): CWebApplication->runController('auth/return')
#25 /var/www/appclient/vendor/yiisoft/yii/framework/base/CApplication.php(180): CWebApplication->processRequest()
#26 /var/www/appclient/public/index.php(15): CApplication->run()
#27 {main}
REQUEST_URI=/auth/return?code=6b7801fcf2429966e5ebbfca8fea53d7&state=84dee5ef9f42c7de7d86be0760497afe
HTTP_REFERER=http://appclient.local/
---
2014/07/05 17:49:27 [error] [exception.Guzzle\Http\Exception\ClientErrorResponseException] exception 'Guzzle\Http\Exception\ClientErrorResponseException' with message 'Client error response
[status code] 400
[reason phrase] Bad Request
[url] http://oauth.local/token.php' in /var/www/appclient/vendor/guzzle/guzzle/src/Guzzle/Http/Exception/BadResponseException.php:43
Stack trace:
#0 /var/www/appclient/vendor/guzzle/guzzle/src/Guzzle/Http/Message/Request.php(145): Guzzle\Http\Exception\BadResponseException::factory(Object(Guzzle\Http\Message\EntityEnclosingRequest), Object(Guzzle\Http\Message\Response))
#1 [internal function]: Guzzle\Http\Message\Request::onRequestError(Object(Guzzle\Common\Event), 'request.error', Object(Symfony\Component\EventDispatcher\EventDispatcher))
#2 /var/www/appclient/vendor/symfony/event-dispatcher/Symfony/Component/EventDispatcher/EventDispatcher.php(164): call_user_func(Array, Object(Guzzle\Common\Event), 'request.error', Object(Symfony\Component\EventDispatcher\EventDispatcher))
#3 /var/www/appclient/vendor/symfony/event-dispatcher/Symfony/Component/EventDispatcher/EventDispatcher.php(53): Symfony\Component\EventDispatcher\EventDispatcher->doDispatch(Array, 'request.error', Object(Guzzle\Common\Event))
#4 /var/www/appclient/vendor/guzzle/guzzle/src/Guzzle/Http/Message/Request.php(589): Symfony\Component\EventDispatcher\EventDispatcher->dispatch('request.error', Object(Guzzle\Common\Event))
#5 /var/www/appclient/vendor/guzzle/guzzle/src/Guzzle/Http/Message/Request.php(378): Guzzle\Http\Message\Request->processResponse(Array)
#6 /var/www/appclient/vendor/guzzle/guzzle/src/Guzzle/Http/Message/EntityEnclosingRequest.php(49): Guzzle\Http\Message\Request->setState('complete', Array)
#7 /var/www/appclient/vendor/guzzle/guzzle/src/Guzzle/Http/Curl/CurlMulti.php(290): Guzzle\Http\Message\EntityEnclosingRequest->setState('complete', Array)
#8 /var/www/appclient/vendor/guzzle/guzzle/src/Guzzle/Http/Curl/CurlMulti.php(248): Guzzle\Http\Curl\CurlMulti->processResponse(Object(Guzzle\Http\Message\EntityEnclosingRequest), Object(Guzzle\Http\Curl\CurlHandle), Array)
#9 /var/www/appclient/vendor/guzzle/guzzle/src/Guzzle/Http/Curl/CurlMulti.php(231): Guzzle\Http\Curl\CurlMulti->processMessages()
#10 /var/www/appclient/vendor/guzzle/guzzle/src/Guzzle/Http/Curl/CurlMulti.php(215): Guzzle\Http\Curl\CurlMulti->executeHandles()
#11 /var/www/appclient/vendor/guzzle/guzzle/src/Guzzle/Http/Curl/CurlMulti.php(109): Guzzle\Http\Curl\CurlMulti->perform()
#12 /var/www/appclient/vendor/guzzle/guzzle/src/Guzzle/Http/Curl/CurlMultiProxy.php(94): Guzzle\Http\Curl\CurlMulti->send()
#13 /var/www/appclient/vendor/guzzle/guzzle/src/Guzzle/Http/Client.php(284): Guzzle\Http\Curl\CurlMultiProxy->send()
#14 /var/www/appclient/vendor/guzzle/guzzle/src/Guzzle/Http/Message/Request.php(198): Guzzle\Http\Client->send(Object(Guzzle\Http\Message\EntityEnclosingRequest))
#15 /var/www/appclient/vendor/guzzle/guzzle/src/Guzzle/Http/StaticClient.php(57): Guzzle\Http\Message\Request->send()
#16 /var/www/appclient/vendor/guzzle/guzzle/src/Guzzle/Http/StaticClient.php(113): Guzzle\Http\StaticClient::request('POST', 'http://oauth.lo...', Array)
#17 /var/www/appclient/protected/components/OauthUserIdentity.php(54): Guzzle\Http\StaticClient::post('http://oauth.lo...', Array)
#18 /var/www/appclient/protected/controllers/AuthController.php(29): OauthUserIdentity->authenticate()
#19 /var/www/appclient/vendor/yiisoft/yii/framework/web/actions/CInlineAction.php(49): AuthController->actionReturn()
#20 /var/www/appclient/vendor/yiisoft/yii/framework/web/CController.php(308): CInlineAction->runWithParams(Array)
#21 /var/www/appclient/vendor/yiisoft/yii/framework/web/CController.php(286): CController->runAction(Object(CInlineAction))
#22 /var/www/appclient/vendor/yiisoft/yii/framework/web/CController.php(265): CController->runActionWithFilters(Object(CInlineAction), Array)
#23 /var/www/appclient/vendor/yiisoft/yii/framework/web/CWebApplication.php(282): CController->run('return')
#24 /var/www/appclient/vendor/yiisoft/yii/framework/web/CWebApplication.php(141): CWebApplication->runController('auth/return')
#25 /var/www/appclient/vendor/yiisoft/yii/framework/base/CApplication.php(180): CWebApplication->processRequest()
#26 /var/www/appclient/public/index.php(15): CApplication->run()
#27 {main}
REQUEST_URI=/auth/return?code=3ca5b484886b0d4aee1433d994e8609c&state=0f668942d027b6ad1b61a8cbc6df7002
HTTP_REFERER=http://oauth.local/authorize.php?client_id=appclient&response_type=code&scope=profile%20documents%20tokeninfo&state=0f668942d027b6ad1b61a8cbc6df7002
---
2014/07/05 18:07:27 [error] [exception.CHttpException.404] exception 'CHttpException' with message 'Unable to resolve the request "favicon.ico".' in /var/www/appclient/vendor/yiisoft/yii/framework/web/CWebApplication.php:286
Stack trace:
#0 /var/www/appclient/vendor/yiisoft/yii/framework/web/CWebApplication.php(141): CWebApplication->runController('favicon.ico')
#1 /var/www/appclient/vendor/yiisoft/yii/framework/base/CApplication.php(180): CWebApplication->processRequest()
#2 /var/www/appclient/public/index.php(15): CApplication->run()
#3 {main}
REQUEST_URI=/favicon.ico
---
2014/07/05 18:07:33 [error] [exception.Guzzle\Http\Exception\ClientErrorResponseException] exception 'Guzzle\Http\Exception\ClientErrorResponseException' with message 'Client error response
[status code] 400
[reason phrase] Bad Request
[url] http://oauth.local/token.php' in /var/www/appclient/vendor/guzzle/guzzle/src/Guzzle/Http/Exception/BadResponseException.php:43
Stack trace:
#0 /var/www/appclient/vendor/guzzle/guzzle/src/Guzzle/Http/Message/Request.php(145): Guzzle\Http\Exception\BadResponseException::factory(Object(Guzzle\Http\Message\EntityEnclosingRequest), Object(Guzzle\Http\Message\Response))
#1 [internal function]: Guzzle\Http\Message\Request::onRequestError(Object(Guzzle\Common\Event), 'request.error', Object(Symfony\Component\EventDispatcher\EventDispatcher))
#2 /var/www/appclient/vendor/symfony/event-dispatcher/Symfony/Component/EventDispatcher/EventDispatcher.php(164): call_user_func(Array, Object(Guzzle\Common\Event), 'request.error', Object(Symfony\Component\EventDispatcher\EventDispatcher))
#3 /var/www/appclient/vendor/symfony/event-dispatcher/Symfony/Component/EventDispatcher/EventDispatcher.php(53): Symfony\Component\EventDispatcher\EventDispatcher->doDispatch(Array, 'request.error', Object(Guzzle\Common\Event))
#4 /var/www/appclient/vendor/guzzle/guzzle/src/Guzzle/Http/Message/Request.php(589): Symfony\Component\EventDispatcher\EventDispatcher->dispatch('request.error', Object(Guzzle\Common\Event))
#5 /var/www/appclient/vendor/guzzle/guzzle/src/Guzzle/Http/Message/Request.php(378): Guzzle\Http\Message\Request->processResponse(Array)
#6 /var/www/appclient/vendor/guzzle/guzzle/src/Guzzle/Http/Message/EntityEnclosingRequest.php(49): Guzzle\Http\Message\Request->setState('complete', Array)
#7 /var/www/appclient/vendor/guzzle/guzzle/src/Guzzle/Http/Curl/CurlMulti.php(290): Guzzle\Http\Message\EntityEnclosingRequest->setState('complete', Array)
#8 /var/www/appclient/vendor/guzzle/guzzle/src/Guzzle/Http/Curl/CurlMulti.php(248): Guzzle\Http\Curl\CurlMulti->processResponse(Object(Guzzle\Http\Message\EntityEnclosingRequest), Object(Guzzle\Http\Curl\CurlHandle), Array)
#9 /var/www/appclient/vendor/guzzle/guzzle/src/Guzzle/Http/Curl/CurlMulti.php(231): Guzzle\Http\Curl\CurlMulti->processMessages()
#10 /var/www/appclient/vendor/guzzle/guzzle/src/Guzzle/Http/Curl/CurlMulti.php(215): Guzzle\Http\Curl\CurlMulti->executeHandles()
#11 /var/www/appclient/vendor/guzzle/guzzle/src/Guzzle/Http/Curl/CurlMulti.php(109): Guzzle\Http\Curl\CurlMulti->perform()
#12 /var/www/appclient/vendor/guzzle/guzzle/src/Guzzle/Http/Curl/CurlMultiProxy.php(94): Guzzle\Http\Curl\CurlMulti->send()
#13 /var/www/appclient/vendor/guzzle/guzzle/src/Guzzle/Http/Client.php(284): Guzzle\Http\Curl\CurlMultiProxy->send()
#14 /var/www/appclient/vendor/guzzle/guzzle/src/Guzzle/Http/Message/Request.php(198): Guzzle\Http\Client->send(Object(Guzzle\Http\Message\EntityEnclosingRequest))
#15 /var/www/appclient/vendor/guzzle/guzzle/src/Guzzle/Http/StaticClient.php(57): Guzzle\Http\Message\Request->send()
#16 /var/www/appclient/vendor/guzzle/guzzle/src/Guzzle/Http/StaticClient.php(113): Guzzle\Http\StaticClient::request('POST', 'http://oauth.lo...', Array)
#17 /var/www/appclient/protected/components/OauthUserIdentity.php(55): Guzzle\Http\StaticClient::post('http://oauth.lo...', Array)
#18 /var/www/appclient/protected/controllers/AuthController.php(29): OauthUserIdentity->authenticate()
#19 /var/www/appclient/vendor/yiisoft/yii/framework/web/actions/CInlineAction.php(49): AuthController->actionReturn()
#20 /var/www/appclient/vendor/yiisoft/yii/framework/web/CController.php(308): CInlineAction->runWithParams(Array)
#21 /var/www/appclient/vendor/yiisoft/yii/framework/web/CController.php(286): CController->runAction(Object(CInlineAction))
#22 /var/www/appclient/vendor/yiisoft/yii/framework/web/CController.php(265): CController->runActionWithFilters(Object(CInlineAction), Array)
#23 /var/www/appclient/vendor/yiisoft/yii/framework/web/CWebApplication.php(282): CController->run('return')
#24 /var/www/appclient/vendor/yiisoft/yii/framework/web/CWebApplication.php(141): CWebApplication->runController('auth/return')
#25 /var/www/appclient/vendor/yiisoft/yii/framework/base/CApplication.php(180): CWebApplication->processRequest()
#26 /var/www/appclient/public/index.php(15): CApplication->run()
#27 {main}
REQUEST_URI=/auth/return?code=92e262fa3d06bfe4662901481168c240&state=2c4e51f0c4d1cbf2fdc821d3493643a3
HTTP_REFERER=http://appclient.local/
---
2014/07/05 18:07:50 [error] [exception.Guzzle\Http\Exception\ClientErrorResponseException] exception 'Guzzle\Http\Exception\ClientErrorResponseException' with message 'Client error response
[status code] 400
[reason phrase] Bad Request
[url] http://oauth.local/token.php' in /var/www/appclient/vendor/guzzle/guzzle/src/Guzzle/Http/Exception/BadResponseException.php:43
Stack trace:
#0 /var/www/appclient/vendor/guzzle/guzzle/src/Guzzle/Http/Message/Request.php(145): Guzzle\Http\Exception\BadResponseException::factory(Object(Guzzle\Http\Message\EntityEnclosingRequest), Object(Guzzle\Http\Message\Response))
#1 [internal function]: Guzzle\Http\Message\Request::onRequestError(Object(Guzzle\Common\Event), 'request.error', Object(Symfony\Component\EventDispatcher\EventDispatcher))
#2 /var/www/appclient/vendor/symfony/event-dispatcher/Symfony/Component/EventDispatcher/EventDispatcher.php(164): call_user_func(Array, Object(Guzzle\Common\Event), 'request.error', Object(Symfony\Component\EventDispatcher\EventDispatcher))
#3 /var/www/appclient/vendor/symfony/event-dispatcher/Symfony/Component/EventDispatcher/EventDispatcher.php(53): Symfony\Component\EventDispatcher\EventDispatcher->doDispatch(Array, 'request.error', Object(Guzzle\Common\Event))
#4 /var/www/appclient/vendor/guzzle/guzzle/src/Guzzle/Http/Message/Request.php(589): Symfony\Component\EventDispatcher\EventDispatcher->dispatch('request.error', Object(Guzzle\Common\Event))
#5 /var/www/appclient/vendor/guzzle/guzzle/src/Guzzle/Http/Message/Request.php(378): Guzzle\Http\Message\Request->processResponse(Array)
#6 /var/www/appclient/vendor/guzzle/guzzle/src/Guzzle/Http/Message/EntityEnclosingRequest.php(49): Guzzle\Http\Message\Request->setState('complete', Array)
#7 /var/www/appclient/vendor/guzzle/guzzle/src/Guzzle/Http/Curl/CurlMulti.php(290): Guzzle\Http\Message\EntityEnclosingRequest->setState('complete', Array)
#8 /var/www/appclient/vendor/guzzle/guzzle/src/Guzzle/Http/Curl/CurlMulti.php(248): Guzzle\Http\Curl\CurlMulti->processResponse(Object(Guzzle\Http\Message\EntityEnclosingRequest), Object(Guzzle\Http\Curl\CurlHandle), Array)
#9 /var/www/appclient/vendor/guzzle/guzzle/src/Guzzle/Http/Curl/CurlMulti.php(231): Guzzle\Http\Curl\CurlMulti->processMessages()
#10 /var/www/appclient/vendor/guzzle/guzzle/src/Guzzle/Http/Curl/CurlMulti.php(215): Guzzle\Http\Curl\CurlMulti->executeHandles()
#11 /var/www/appclient/vendor/guzzle/guzzle/src/Guzzle/Http/Curl/CurlMulti.php(109): Guzzle\Http\Curl\CurlMulti->perform()
#12 /var/www/appclient/vendor/guzzle/guzzle/src/Guzzle/Http/Curl/CurlMultiProxy.php(94): Guzzle\Http\Curl\CurlMulti->send()
#13 /var/www/appclient/vendor/guzzle/guzzle/src/Guzzle/Http/Client.php(284): Guzzle\Http\Curl\CurlMultiProxy->send()
#14 /var/www/appclient/vendor/guzzle/guzzle/src/Guzzle/Http/Message/Request.php(198): Guzzle\Http\Client->send(Object(Guzzle\Http\Message\EntityEnclosingRequest))
#15 /var/www/appclient/vendor/guzzle/guzzle/src/Guzzle/Http/StaticClient.php(57): Guzzle\Http\Message\Request->send()
#16 /var/www/appclient/vendor/guzzle/guzzle/src/Guzzle/Http/StaticClient.php(113): Guzzle\Http\StaticClient::request('POST', 'http://oauth.lo...', Array)
#17 /var/www/appclient/protected/components/OauthUserIdentity.php(55): Guzzle\Http\StaticClient::post('http://oauth.lo...', Array)
#18 /var/www/appclient/protected/controllers/AuthController.php(29): OauthUserIdentity->authenticate()
#19 /var/www/appclient/vendor/yiisoft/yii/framework/web/actions/CInlineAction.php(49): AuthController->actionReturn()
#20 /var/www/appclient/vendor/yiisoft/yii/framework/web/CController.php(308): CInlineAction->runWithParams(Array)
#21 /var/www/appclient/vendor/yiisoft/yii/framework/web/CController.php(286): CController->runAction(Object(CInlineAction))
#22 /var/www/appclient/vendor/yiisoft/yii/framework/web/CController.php(265): CController->runActionWithFilters(Object(CInlineAction), Array)
#23 /var/www/appclient/vendor/yiisoft/yii/framework/web/CWebApplication.php(282): CController->run('return')
#24 /var/www/appclient/vendor/yiisoft/yii/framework/web/CWebApplication.php(141): CWebApplication->runController('auth/return')
#25 /var/www/appclient/vendor/yiisoft/yii/framework/base/CApplication.php(180): CWebApplication->processRequest()
#26 /var/www/appclient/public/index.php(15): CApplication->run()
#27 {main}
REQUEST_URI=/auth/return?code=d16a4a6ab9b594fd76686a47360408bb&state=683fec5f2520353e3ce2260df9b46376
HTTP_REFERER=http://appclient.local/
---
2014/07/05 18:08:12 [error] [exception.Guzzle\Http\Exception\ClientErrorResponseException] exception 'Guzzle\Http\Exception\ClientErrorResponseException' with message 'Client error response
[status code] 401
[reason phrase] Unauthorized
[url] http://oauth.local/token.php' in /var/www/appclient/vendor/guzzle/guzzle/src/Guzzle/Http/Exception/BadResponseException.php:43
Stack trace:
#0 /var/www/appclient/vendor/guzzle/guzzle/src/Guzzle/Http/Message/Request.php(145): Guzzle\Http\Exception\BadResponseException::factory(Object(Guzzle\Http\Message\EntityEnclosingRequest), Object(Guzzle\Http\Message\Response))
#1 [internal function]: Guzzle\Http\Message\Request::onRequestError(Object(Guzzle\Common\Event), 'request.error', Object(Symfony\Component\EventDispatcher\EventDispatcher))
#2 /var/www/appclient/vendor/symfony/event-dispatcher/Symfony/Component/EventDispatcher/EventDispatcher.php(164): call_user_func(Array, Object(Guzzle\Common\Event), 'request.error', Object(Symfony\Component\EventDispatcher\EventDispatcher))
#3 /var/www/appclient/vendor/symfony/event-dispatcher/Symfony/Component/EventDispatcher/EventDispatcher.php(53): Symfony\Component\EventDispatcher\EventDispatcher->doDispatch(Array, 'request.error', Object(Guzzle\Common\Event))
#4 /var/www/appclient/vendor/guzzle/guzzle/src/Guzzle/Http/Message/Request.php(589): Symfony\Component\EventDispatcher\EventDispatcher->dispatch('request.error', Object(Guzzle\Common\Event))
#5 /var/www/appclient/vendor/guzzle/guzzle/src/Guzzle/Http/Message/Request.php(378): Guzzle\Http\Message\Request->processResponse(Array)
#6 /var/www/appclient/vendor/guzzle/guzzle/src/Guzzle/Http/Message/EntityEnclosingRequest.php(49): Guzzle\Http\Message\Request->setState('complete', Array)
#7 /var/www/appclient/vendor/guzzle/guzzle/src/Guzzle/Http/Curl/CurlMulti.php(290): Guzzle\Http\Message\EntityEnclosingRequest->setState('complete', Array)
#8 /var/www/appclient/vendor/guzzle/guzzle/src/Guzzle/Http/Curl/CurlMulti.php(248): Guzzle\Http\Curl\CurlMulti->processResponse(Object(Guzzle\Http\Message\EntityEnclosingRequest), Object(Guzzle\Http\Curl\CurlHandle), Array)
#9 /var/www/appclient/vendor/guzzle/guzzle/src/Guzzle/Http/Curl/CurlMulti.php(231): Guzzle\Http\Curl\CurlMulti->processMessages()
#10 /var/www/appclient/vendor/guzzle/guzzle/src/Guzzle/Http/Curl/CurlMulti.php(215): Guzzle\Http\Curl\CurlMulti->executeHandles()
#11 /var/www/appclient/vendor/guzzle/guzzle/src/Guzzle/Http/Curl/CurlMulti.php(109): Guzzle\Http\Curl\CurlMulti->perform()
#12 /var/www/appclient/vendor/guzzle/guzzle/src/Guzzle/Http/Curl/CurlMultiProxy.php(94): Guzzle\Http\Curl\CurlMulti->send()
#13 /var/www/appclient/vendor/guzzle/guzzle/src/Guzzle/Http/Client.php(284): Guzzle\Http\Curl\CurlMultiProxy->send()
#14 /var/www/appclient/vendor/guzzle/guzzle/src/Guzzle/Http/Message/Request.php(198): Guzzle\Http\Client->send(Object(Guzzle\Http\Message\EntityEnclosingRequest))
#15 /var/www/appclient/vendor/guzzle/guzzle/src/Guzzle/Http/StaticClient.php(57): Guzzle\Http\Message\Request->send()
#16 /var/www/appclient/vendor/guzzle/guzzle/src/Guzzle/Http/StaticClient.php(113): Guzzle\Http\StaticClient::request('POST', 'http://oauth.lo...', Array)
#17 /var/www/appclient/protected/components/OauthUserIdentity.php(55): Guzzle\Http\StaticClient::post('http://oauth.lo...', Array)
#18 /var/www/appclient/protected/controllers/AuthController.php(29): OauthUserIdentity->authenticate()
#19 /var/www/appclient/vendor/yiisoft/yii/framework/web/actions/CInlineAction.php(49): AuthController->actionReturn()
#20 /var/www/appclient/vendor/yiisoft/yii/framework/web/CController.php(308): CInlineAction->runWithParams(Array)
#21 /var/www/appclient/vendor/yiisoft/yii/framework/web/CController.php(286): CController->runAction(Object(CInlineAction))
#22 /var/www/appclient/vendor/yiisoft/yii/framework/web/CController.php(265): CController->runActionWithFilters(Object(CInlineAction), Array)
#23 /var/www/appclient/vendor/yiisoft/yii/framework/web/CWebApplication.php(282): CController->run('return')
#24 /var/www/appclient/vendor/yiisoft/yii/framework/web/CWebApplication.php(141): CWebApplication->runController('auth/return')
#25 /var/www/appclient/vendor/yiisoft/yii/framework/base/CApplication.php(180): CWebApplication->processRequest()
#26 /var/www/appclient/public/index.php(15): CApplication->run()
#27 {main}
REQUEST_URI=/auth/return?code=13b25e2b880dd9e85f8caaf7323d8e2f&state=57c86c090a24f7aedd0cac8fbf8331ff
HTTP_REFERER=http://appclient.local/
---
2014/07/05 18:08:32 [error] [exception.Guzzle\Http\Exception\ClientErrorResponseException] exception 'Guzzle\Http\Exception\ClientErrorResponseException' with message 'Client error response
[status code] 400
[reason phrase] Bad Request
[url] http://oauth.local/token.php' in /var/www/appclient/vendor/guzzle/guzzle/src/Guzzle/Http/Exception/BadResponseException.php:43
Stack trace:
#0 /var/www/appclient/vendor/guzzle/guzzle/src/Guzzle/Http/Message/Request.php(145): Guzzle\Http\Exception\BadResponseException::factory(Object(Guzzle\Http\Message\EntityEnclosingRequest), Object(Guzzle\Http\Message\Response))
#1 [internal function]: Guzzle\Http\Message\Request::onRequestError(Object(Guzzle\Common\Event), 'request.error', Object(Symfony\Component\EventDispatcher\EventDispatcher))
#2 /var/www/appclient/vendor/symfony/event-dispatcher/Symfony/Component/EventDispatcher/EventDispatcher.php(164): call_user_func(Array, Object(Guzzle\Common\Event), 'request.error', Object(Symfony\Component\EventDispatcher\EventDispatcher))
#3 /var/www/appclient/vendor/symfony/event-dispatcher/Symfony/Component/EventDispatcher/EventDispatcher.php(53): Symfony\Component\EventDispatcher\EventDispatcher->doDispatch(Array, 'request.error', Object(Guzzle\Common\Event))
#4 /var/www/appclient/vendor/guzzle/guzzle/src/Guzzle/Http/Message/Request.php(589): Symfony\Component\EventDispatcher\EventDispatcher->dispatch('request.error', Object(Guzzle\Common\Event))
#5 /var/www/appclient/vendor/guzzle/guzzle/src/Guzzle/Http/Message/Request.php(378): Guzzle\Http\Message\Request->processResponse(Array)
#6 /var/www/appclient/vendor/guzzle/guzzle/src/Guzzle/Http/Message/EntityEnclosingRequest.php(49): Guzzle\Http\Message\Request->setState('complete', Array)
#7 /var/www/appclient/vendor/guzzle/guzzle/src/Guzzle/Http/Curl/CurlMulti.php(290): Guzzle\Http\Message\EntityEnclosingRequest->setState('complete', Array)
#8 /var/www/appclient/vendor/guzzle/guzzle/src/Guzzle/Http/Curl/CurlMulti.php(248): Guzzle\Http\Curl\CurlMulti->processResponse(Object(Guzzle\Http\Message\EntityEnclosingRequest), Object(Guzzle\Http\Curl\CurlHandle), Array)
#9 /var/www/appclient/vendor/guzzle/guzzle/src/Guzzle/Http/Curl/CurlMulti.php(231): Guzzle\Http\Curl\CurlMulti->processMessages()
#10 /var/www/appclient/vendor/guzzle/guzzle/src/Guzzle/Http/Curl/CurlMulti.php(215): Guzzle\Http\Curl\CurlMulti->executeHandles()
#11 /var/www/appclient/vendor/guzzle/guzzle/src/Guzzle/Http/Curl/CurlMulti.php(109): Guzzle\Http\Curl\CurlMulti->perform()
#12 /var/www/appclient/vendor/guzzle/guzzle/src/Guzzle/Http/Curl/CurlMultiProxy.php(94): Guzzle\Http\Curl\CurlMulti->send()
#13 /var/www/appclient/vendor/guzzle/guzzle/src/Guzzle/Http/Client.php(284): Guzzle\Http\Curl\CurlMultiProxy->send()
#14 /var/www/appclient/vendor/guzzle/guzzle/src/Guzzle/Http/Message/Request.php(198): Guzzle\Http\Client->send(Object(Guzzle\Http\Message\EntityEnclosingRequest))
#15 /var/www/appclient/vendor/guzzle/guzzle/src/Guzzle/Http/StaticClient.php(57): Guzzle\Http\Message\Request->send()
#16 /var/www/appclient/vendor/guzzle/guzzle/src/Guzzle/Http/StaticClient.php(113): Guzzle\Http\StaticClient::request('POST', 'http://oauth.lo...', Array)
#17 /var/www/appclient/protected/components/OauthUserIdentity.php(55): Guzzle\Http\StaticClient::post('http://oauth.lo...', Array)
#18 /var/www/appclient/protected/controllers/AuthController.php(29): OauthUserIdentity->authenticate()
#19 /var/www/appclient/vendor/yiisoft/yii/framework/web/actions/CInlineAction.php(49): AuthController->actionReturn()
#20 /var/www/appclient/vendor/yiisoft/yii/framework/web/CController.php(308): CInlineAction->runWithParams(Array)
#21 /var/www/appclient/vendor/yiisoft/yii/framework/web/CController.php(286): CController->runAction(Object(CInlineAction))
#22 /var/www/appclient/vendor/yiisoft/yii/framework/web/CController.php(265): CController->runActionWithFilters(Object(CInlineAction), Array)
#23 /var/www/appclient/vendor/yiisoft/yii/framework/web/CWebApplication.php(282): CController->run('return')
#24 /var/www/appclient/vendor/yiisoft/yii/framework/web/CWebApplication.php(141): CWebApplication->runController('auth/return')
#25 /var/www/appclient/vendor/yiisoft/yii/framework/base/CApplication.php(180): CWebApplication->processRequest()
#26 /var/www/appclient/public/index.php(15): CApplication->run()
#27 {main}
REQUEST_URI=/auth/return?code=d4bfb11ae503b98286c12f2f5ea814ea&state=48bd452f860e19629c3a20227d73d659
HTTP_REFERER=http://appclient.local/
---
2014/07/05 18:10:02 [error] [exception.Guzzle\Http\Exception\CurlException] exception 'Guzzle\Http\Exception\CurlException' with message '[curl] 6: Couldn't resolve host 'appserver.local' [url] http://appserver.local/api/profile?access_token=04d42ae75a41b03bd8768e807ec7d16e' in /var/www/appclient/vendor/guzzle/guzzle/src/Guzzle/Http/Curl/CurlMulti.php:342
Stack trace:
#0 /var/www/appclient/vendor/guzzle/guzzle/src/Guzzle/Http/Curl/CurlMulti.php(283): Guzzle\Http\Curl\CurlMulti->isCurlException(Object(Guzzle\Http\Message\Request), Object(Guzzle\Http\Curl\CurlHandle), Array)
#1 /var/www/appclient/vendor/guzzle/guzzle/src/Guzzle/Http/Curl/CurlMulti.php(248): Guzzle\Http\Curl\CurlMulti->processResponse(Object(Guzzle\Http\Message\Request), Object(Guzzle\Http\Curl\CurlHandle), Array)
#2 /var/www/appclient/vendor/guzzle/guzzle/src/Guzzle/Http/Curl/CurlMulti.php(231): Guzzle\Http\Curl\CurlMulti->processMessages()
#3 /var/www/appclient/vendor/guzzle/guzzle/src/Guzzle/Http/Curl/CurlMulti.php(215): Guzzle\Http\Curl\CurlMulti->executeHandles()
#4 /var/www/appclient/vendor/guzzle/guzzle/src/Guzzle/Http/Curl/CurlMulti.php(109): Guzzle\Http\Curl\CurlMulti->perform()
#5 /var/www/appclient/vendor/guzzle/guzzle/src/Guzzle/Http/Curl/CurlMultiProxy.php(94): Guzzle\Http\Curl\CurlMulti->send()
#6 /var/www/appclient/vendor/guzzle/guzzle/src/Guzzle/Http/Client.php(284): Guzzle\Http\Curl\CurlMultiProxy->send()
#7 /var/www/appclient/vendor/guzzle/guzzle/src/Guzzle/Http/Message/Request.php(198): Guzzle\Http\Client->send(Object(Guzzle\Http\Message\Request))
#8 /var/www/appclient/vendor/guzzle/guzzle/src/Guzzle/Http/StaticClient.php(57): Guzzle\Http\Message\Request->send()
#9 /var/www/appclient/vendor/guzzle/guzzle/src/Guzzle/Http/StaticClient.php(71): Guzzle\Http\StaticClient::request('GET', 'http://appserve...', Array)
#10 /var/www/appclient/protected/components/OauthUserIdentity.php(92): Guzzle\Http\StaticClient::get('http://appserve...', Array)
#11 /var/www/appclient/protected/components/OauthUserIdentity.php(60): OauthUserIdentity->getUserInformation()
#12 /var/www/appclient/protected/controllers/AuthController.php(29): OauthUserIdentity->authenticate()
#13 /var/www/appclient/vendor/yiisoft/yii/framework/web/actions/CInlineAction.php(49): AuthController->actionReturn()
#14 /var/www/appclient/vendor/yiisoft/yii/framework/web/CController.php(308): CInlineAction->runWithParams(Array)
#15 /var/www/appclient/vendor/yiisoft/yii/framework/web/CController.php(286): CController->runAction(Object(CInlineAction))
#16 /var/www/appclient/vendor/yiisoft/yii/framework/web/CController.php(265): CController->runActionWithFilters(Object(CInlineAction), Array)
#17 /var/www/appclient/vendor/yiisoft/yii/framework/web/CWebApplication.php(282): CController->run('return')
#18 /var/www/appclient/vendor/yiisoft/yii/framework/web/CWebApplication.php(141): CWebApplication->runController('auth/return')
#19 /var/www/appclient/vendor/yiisoft/yii/framework/base/CApplication.php(180): CWebApplication->processRequest()
#20 /var/www/appclient/public/index.php(15): CApplication->run()
#21 {main}
REQUEST_URI=/auth/return?code=1158afad2ba0e9c29062b7b4e67fc670&state=2c3330e0df185146ff938e5f9bc0e204
HTTP_REFERER=http://appclient.local/
---
2014/07/05 18:11:48 [error] [exception.Guzzle\Http\Exception\ClientErrorResponseException] exception 'Guzzle\Http\Exception\ClientErrorResponseException' with message 'Client error response
[status code] 400
[reason phrase] Bad Request
[url] http://oauth.local/token.php' in /var/www/appclient/vendor/guzzle/guzzle/src/Guzzle/Http/Exception/BadResponseException.php:43
Stack trace:
#0 /var/www/appclient/vendor/guzzle/guzzle/src/Guzzle/Http/Message/Request.php(145): Guzzle\Http\Exception\BadResponseException::factory(Object(Guzzle\Http\Message\EntityEnclosingRequest), Object(Guzzle\Http\Message\Response))
#1 [internal function]: Guzzle\Http\Message\Request::onRequestError(Object(Guzzle\Common\Event), 'request.error', Object(Symfony\Component\EventDispatcher\EventDispatcher))
#2 /var/www/appclient/vendor/symfony/event-dispatcher/Symfony/Component/EventDispatcher/EventDispatcher.php(164): call_user_func(Array, Object(Guzzle\Common\Event), 'request.error', Object(Symfony\Component\EventDispatcher\EventDispatcher))
#3 /var/www/appclient/vendor/symfony/event-dispatcher/Symfony/Component/EventDispatcher/EventDispatcher.php(53): Symfony\Component\EventDispatcher\EventDispatcher->doDispatch(Array, 'request.error', Object(Guzzle\Common\Event))
#4 /var/www/appclient/vendor/guzzle/guzzle/src/Guzzle/Http/Message/Request.php(589): Symfony\Component\EventDispatcher\EventDispatcher->dispatch('request.error', Object(Guzzle\Common\Event))
#5 /var/www/appclient/vendor/guzzle/guzzle/src/Guzzle/Http/Message/Request.php(378): Guzzle\Http\Message\Request->processResponse(Array)
#6 /var/www/appclient/vendor/guzzle/guzzle/src/Guzzle/Http/Message/EntityEnclosingRequest.php(49): Guzzle\Http\Message\Request->setState('complete', Array)
#7 /var/www/appclient/vendor/guzzle/guzzle/src/Guzzle/Http/Curl/CurlMulti.php(290): Guzzle\Http\Message\EntityEnclosingRequest->setState('complete', Array)
#8 /var/www/appclient/vendor/guzzle/guzzle/src/Guzzle/Http/Curl/CurlMulti.php(248): Guzzle\Http\Curl\CurlMulti->processResponse(Object(Guzzle\Http\Message\EntityEnclosingRequest), Object(Guzzle\Http\Curl\CurlHandle), Array)
#9 /var/www/appclient/vendor/guzzle/guzzle/src/Guzzle/Http/Curl/CurlMulti.php(231): Guzzle\Http\Curl\CurlMulti->processMessages()
#10 /var/www/appclient/vendor/guzzle/guzzle/src/Guzzle/Http/Curl/CurlMulti.php(215): Guzzle\Http\Curl\CurlMulti->executeHandles()
#11 /var/www/appclient/vendor/guzzle/guzzle/src/Guzzle/Http/Curl/CurlMulti.php(109): Guzzle\Http\Curl\CurlMulti->perform()
#12 /var/www/appclient/vendor/guzzle/guzzle/src/Guzzle/Http/Curl/CurlMultiProxy.php(94): Guzzle\Http\Curl\CurlMulti->send()
#13 /var/www/appclient/vendor/guzzle/guzzle/src/Guzzle/Http/Client.php(284): Guzzle\Http\Curl\CurlMultiProxy->send()
#14 /var/www/appclient/vendor/guzzle/guzzle/src/Guzzle/Http/Message/Request.php(198): Guzzle\Http\Client->send(Object(Guzzle\Http\Message\EntityEnclosingRequest))
#15 /var/www/appclient/vendor/guzzle/guzzle/src/Guzzle/Http/StaticClient.php(57): Guzzle\Http\Message\Request->send()
#16 /var/www/appclient/vendor/guzzle/guzzle/src/Guzzle/Http/StaticClient.php(113): Guzzle\Http\StaticClient::request('POST', 'http://oauth.lo...', Array)
#17 /var/www/appclient/protected/components/OauthUserIdentity.php(54): Guzzle\Http\StaticClient::post('http://oauth.lo...', Array)
#18 /var/www/appclient/protected/controllers/AuthController.php(29): OauthUserIdentity->authenticate()
#19 /var/www/appclient/vendor/yiisoft/yii/framework/web/actions/CInlineAction.php(49): AuthController->actionReturn()
#20 /var/www/appclient/vendor/yiisoft/yii/framework/web/CController.php(308): CInlineAction->runWithParams(Array)
#21 /var/www/appclient/vendor/yiisoft/yii/framework/web/CController.php(286): CController->runAction(Object(CInlineAction))
#22 /var/www/appclient/vendor/yiisoft/yii/framework/web/CController.php(265): CController->runActionWithFilters(Object(CInlineAction), Array)
#23 /var/www/appclient/vendor/yiisoft/yii/framework/web/CWebApplication.php(282): CController->run('return')
#24 /var/www/appclient/vendor/yiisoft/yii/framework/web/CWebApplication.php(141): CWebApplication->runController('auth/return')
#25 /var/www/appclient/vendor/yiisoft/yii/framework/base/CApplication.php(180): CWebApplication->processRequest()
#26 /var/www/appclient/public/index.php(15): CApplication->run()
#27 {main}
REQUEST_URI=/auth/return?code=1158afad2ba0e9c29062b7b4e67fc670&state=2c3330e0df185146ff938e5f9bc0e204
HTTP_REFERER=http://appclient.local/
---
2014/07/05 18:12:25 [error] [exception.Guzzle\Http\Exception\ClientErrorResponseException] exception 'Guzzle\Http\Exception\ClientErrorResponseException' with message 'Client error response
[status code] 403
[reason phrase] Forbidden
[url] http://appserver.local/api/profile?access_token=be432311d051bc55785eca45642f8719' in /var/www/appclient/vendor/guzzle/guzzle/src/Guzzle/Http/Exception/BadResponseException.php:43
Stack trace:
#0 /var/www/appclient/vendor/guzzle/guzzle/src/Guzzle/Http/Message/Request.php(145): Guzzle\Http\Exception\BadResponseException::factory(Object(Guzzle\Http\Message\Request), Object(Guzzle\Http\Message\Response))
#1 [internal function]: Guzzle\Http\Message\Request::onRequestError(Object(Guzzle\Common\Event), 'request.error', Object(Symfony\Component\EventDispatcher\EventDispatcher))
#2 /var/www/appclient/vendor/symfony/event-dispatcher/Symfony/Component/EventDispatcher/EventDispatcher.php(164): call_user_func(Array, Object(Guzzle\Common\Event), 'request.error', Object(Symfony\Component\EventDispatcher\EventDispatcher))
#3 /var/www/appclient/vendor/symfony/event-dispatcher/Symfony/Component/EventDispatcher/EventDispatcher.php(53): Symfony\Component\EventDispatcher\EventDispatcher->doDispatch(Array, 'request.error', Object(Guzzle\Common\Event))
#4 /var/www/appclient/vendor/guzzle/guzzle/src/Guzzle/Http/Message/Request.php(589): Symfony\Component\EventDispatcher\EventDispatcher->dispatch('request.error', Object(Guzzle\Common\Event))
#5 /var/www/appclient/vendor/guzzle/guzzle/src/Guzzle/Http/Message/Request.php(378): Guzzle\Http\Message\Request->processResponse(Array)
#6 /var/www/appclient/vendor/guzzle/guzzle/src/Guzzle/Http/Curl/CurlMulti.php(290): Guzzle\Http\Message\Request->setState('complete', Array)
#7 /var/www/appclient/vendor/guzzle/guzzle/src/Guzzle/Http/Curl/CurlMulti.php(248): Guzzle\Http\Curl\CurlMulti->processResponse(Object(Guzzle\Http\Message\Request), Object(Guzzle\Http\Curl\CurlHandle), Array)
#8 /var/www/appclient/vendor/guzzle/guzzle/src/Guzzle/Http/Curl/CurlMulti.php(231): Guzzle\Http\Curl\CurlMulti->processMessages()
#9 /var/www/appclient/vendor/guzzle/guzzle/src/Guzzle/Http/Curl/CurlMulti.php(215): Guzzle\Http\Curl\CurlMulti->executeHandles()
#10 /var/www/appclient/vendor/guzzle/guzzle/src/Guzzle/Http/Curl/CurlMulti.php(109): Guzzle\Http\Curl\CurlMulti->perform()
#11 /var/www/appclient/vendor/guzzle/guzzle/src/Guzzle/Http/Curl/CurlMultiProxy.php(94): Guzzle\Http\Curl\CurlMulti->send()
#12 /var/www/appclient/vendor/guzzle/guzzle/src/Guzzle/Http/Client.php(284): Guzzle\Http\Curl\CurlMultiProxy->send()
#13 /var/www/appclient/vendor/guzzle/guzzle/src/Guzzle/Http/Message/Request.php(198): Guzzle\Http\Client->send(Object(Guzzle\Http\Message\Request))
#14 /var/www/appclient/vendor/guzzle/guzzle/src/Guzzle/Http/StaticClient.php(57): Guzzle\Http\Message\Request->send()
#15 /var/www/appclient/vendor/guzzle/guzzle/src/Guzzle/Http/StaticClient.php(71): Guzzle\Http\StaticClient::request('GET', 'http://appserve...', Array)
#16 /var/www/appclient/protected/components/OauthUserIdentity.php(92): Guzzle\Http\StaticClient::get('http://appserve...', Array)
#17 /var/www/appclient/protected/components/OauthUserIdentity.php(60): OauthUserIdentity->getUserInformation()
#18 /var/www/appclient/protected/controllers/AuthController.php(29): OauthUserIdentity->authenticate()
#19 /var/www/appclient/vendor/yiisoft/yii/framework/web/actions/CInlineAction.php(49): AuthController->actionReturn()
#20 /var/www/appclient/vendor/yiisoft/yii/framework/web/CController.php(308): CInlineAction->runWithParams(Array)
#21 /var/www/appclient/vendor/yiisoft/yii/framework/web/CController.php(286): CController->runAction(Object(CInlineAction))
#22 /var/www/appclient/vendor/yiisoft/yii/framework/web/CController.php(265): CController->runActionWithFilters(Object(CInlineAction), Array)
#23 /var/www/appclient/vendor/yiisoft/yii/framework/web/CWebApplication.php(282): CController->run('return')
#24 /var/www/appclient/vendor/yiisoft/yii/framework/web/CWebApplication.php(141): CWebApplication->runController('auth/return')
#25 /var/www/appclient/vendor/yiisoft/yii/framework/base/CApplication.php(180): CWebApplication->processRequest()
#26 /var/www/appclient/public/index.php(15): CApplication->run()
#27 {main}
REQUEST_URI=/auth/return?code=f7ab727932bea176c922a560569f4b91&state=8dcc4e515f6e93f4e3d661b370c68c7a
HTTP_REFERER=http://appclient.local/
---
2014/07/05 19:06:01 [error] [exception.CException] exception 'CException' with message 'Property "SiteController.config" is not defined.' in /var/www/appclient/vendor/yiisoft/yii/framework/base/CComponent.php:130
Stack trace:
#0 /var/www/appclient/protected/controllers/SiteController.php(59): CComponent->__get('config')
#1 /var/www/appclient/protected/controllers/SiteController.php(37): SiteController->apiGetTokenInfo()
#2 /var/www/appclient/vendor/yiisoft/yii/framework/web/actions/CInlineAction.php(49): SiteController->actionIndex()
#3 /var/www/appclient/vendor/yiisoft/yii/framework/web/CController.php(308): CInlineAction->runWithParams(Array)
#4 /var/www/appclient/vendor/yiisoft/yii/framework/web/CController.php(286): CController->runAction(Object(CInlineAction))
#5 /var/www/appclient/vendor/yiisoft/yii/framework/web/CController.php(265): CController->runActionWithFilters(Object(CInlineAction), Array)
#6 /var/www/appclient/vendor/yiisoft/yii/framework/web/CWebApplication.php(282): CController->run('')
#7 /var/www/appclient/vendor/yiisoft/yii/framework/web/CWebApplication.php(141): CWebApplication->runController('')
#8 /var/www/appclient/vendor/yiisoft/yii/framework/base/CApplication.php(180): CWebApplication->processRequest()
#9 /var/www/appclient/public/index.php(15): CApplication->run()
#10 {main}
REQUEST_URI=/
HTTP_REFERER=http://appclient.local/
---
2014/07/05 19:06:21 [error] [php] include(Guzzle.php): failed to open stream: No such file or directory (/var/www/appclient/vendor/yiisoft/yii/framework/YiiBase.php:427)
Stack trace:
#0 /var/www/appclient/protected/controllers/SiteController.php(60): spl_autoload_call()
#1 /var/www/appclient/protected/controllers/SiteController.php(37): SiteController->apiGetTokenInfo()
#2 /var/www/appclient/vendor/yiisoft/yii/framework/web/actions/CInlineAction.php(49): SiteController->actionIndex()
#3 /var/www/appclient/vendor/yiisoft/yii/framework/web/CController.php(308): CInlineAction->runWithParams()
#4 /var/www/appclient/vendor/yiisoft/yii/framework/web/CController.php(286): SiteController->runAction()
#5 /var/www/appclient/vendor/yiisoft/yii/framework/web/CController.php(265): SiteController->runActionWithFilters()
#6 /var/www/appclient/vendor/yiisoft/yii/framework/web/CWebApplication.php(282): SiteController->run()
#7 /var/www/appclient/vendor/yiisoft/yii/framework/web/CWebApplication.php(141): CWebApplication->runController()
#8 /var/www/appclient/vendor/yiisoft/yii/framework/base/CApplication.php(180): CWebApplication->processRequest()
#9 /var/www/appclient/public/index.php(15): CWebApplication->run()
REQUEST_URI=/
in /var/www/appclient/protected/controllers/SiteController.php (60)
in /var/www/appclient/protected/controllers/SiteController.php (37)
in /var/www/appclient/public/index.php (15)
2014/07/05 19:06:35 [error] [exception.Guzzle\Http\Exception\CurlException] exception 'Guzzle\Http\Exception\CurlException' with message '[curl] 3: <url> malformed [url] /tokenInfo' in /var/www/appclient/vendor/guzzle/guzzle/src/Guzzle/Http/Curl/CurlMulti.php:342
Stack trace:
#0 /var/www/appclient/vendor/guzzle/guzzle/src/Guzzle/Http/Curl/CurlMulti.php(283): Guzzle\Http\Curl\CurlMulti->isCurlException(Object(Guzzle\Http\Message\Request), Object(Guzzle\Http\Curl\CurlHandle), Array)
#1 /var/www/appclient/vendor/guzzle/guzzle/src/Guzzle/Http/Curl/CurlMulti.php(248): Guzzle\Http\Curl\CurlMulti->processResponse(Object(Guzzle\Http\Message\Request), Object(Guzzle\Http\Curl\CurlHandle), Array)
#2 /var/www/appclient/vendor/guzzle/guzzle/src/Guzzle/Http/Curl/CurlMulti.php(231): Guzzle\Http\Curl\CurlMulti->processMessages()
#3 /var/www/appclient/vendor/guzzle/guzzle/src/Guzzle/Http/Curl/CurlMulti.php(215): Guzzle\Http\Curl\CurlMulti->executeHandles()
#4 /var/www/appclient/vendor/guzzle/guzzle/src/Guzzle/Http/Curl/CurlMulti.php(109): Guzzle\Http\Curl\CurlMulti->perform()
#5 /var/www/appclient/vendor/guzzle/guzzle/src/Guzzle/Http/Curl/CurlMultiProxy.php(94): Guzzle\Http\Curl\CurlMulti->send()
#6 /var/www/appclient/vendor/guzzle/guzzle/src/Guzzle/Http/Client.php(284): Guzzle\Http\Curl\CurlMultiProxy->send()
#7 /var/www/appclient/vendor/guzzle/guzzle/src/Guzzle/Http/Message/Request.php(198): Guzzle\Http\Client->send(Object(Guzzle\Http\Message\Request))
#8 /var/www/appclient/vendor/guzzle/guzzle/src/Guzzle/Http/StaticClient.php(57): Guzzle\Http\Message\Request->send()
#9 /var/www/appclient/vendor/guzzle/guzzle/src/Guzzle/Http/StaticClient.php(71): Guzzle\Http\StaticClient::request('GET', '/tokenInfo', Array)
#10 /var/www/appclient/protected/controllers/SiteController.php(68): Guzzle\Http\StaticClient::get('/tokenInfo', Array)
#11 /var/www/appclient/protected/controllers/SiteController.php(39): SiteController->apiGetTokenInfo()
#12 /var/www/appclient/vendor/yiisoft/yii/framework/web/actions/CInlineAction.php(49): SiteController->actionIndex()
#13 /var/www/appclient/vendor/yiisoft/yii/framework/web/CController.php(308): CInlineAction->runWithParams(Array)
#14 /var/www/appclient/vendor/yiisoft/yii/framework/web/CController.php(286): CController->runAction(Object(CInlineAction))
#15 /var/www/appclient/vendor/yiisoft/yii/framework/web/CController.php(265): CController->runActionWithFilters(Object(CInlineAction), Array)
#16 /var/www/appclient/vendor/yiisoft/yii/framework/web/CWebApplication.php(282): CController->run('')
#17 /var/www/appclient/vendor/yiisoft/yii/framework/web/CWebApplication.php(141): CWebApplication->runController('')
#18 /var/www/appclient/vendor/yiisoft/yii/framework/base/CApplication.php(180): CWebApplication->processRequest()
#19 /var/www/appclient/public/index.php(15): CApplication->run()
#20 {main}
REQUEST_URI=/
HTTP_REFERER=http://appclient.local/
---
2014/07/05 19:07:50 [error] [php] json_decode() expects parameter 1 to be string, array given (/var/www/appclient/protected/views/site/info.php:6)
Stack trace:
#0 /var/www/appclient/vendor/yiisoft/yii/framework/web/CBaseController.php(95): SiteController->renderInternal()
#1 /var/www/appclient/vendor/yiisoft/yii/framework/web/CController.php(869): SiteController->renderFile()
#2 /var/www/appclient/vendor/yiisoft/yii/framework/web/CController.php(782): SiteController->renderPartial()
#3 /var/www/appclient/protected/controllers/SiteController.php(40): SiteController->render()
#4 /var/www/appclient/vendor/yiisoft/yii/framework/web/actions/CInlineAction.php(49): SiteController->actionIndex()
#5 /var/www/appclient/vendor/yiisoft/yii/framework/web/CController.php(308): CInlineAction->runWithParams()
#6 /var/www/appclient/vendor/yiisoft/yii/framework/web/CController.php(286): SiteController->runAction()
#7 /var/www/appclient/vendor/yiisoft/yii/framework/web/CController.php(265): SiteController->runActionWithFilters()
#8 /var/www/appclient/vendor/yiisoft/yii/framework/web/CWebApplication.php(282): SiteController->run()
#9 /var/www/appclient/vendor/yiisoft/yii/framework/web/CWebApplication.php(141): CWebApplication->runController()
#10 /var/www/appclient/vendor/yiisoft/yii/framework/base/CApplication.php(180): CWebApplication->processRequest()
#11 /var/www/appclient/public/index.php(15): CWebApplication->run()
REQUEST_URI=/
in /var/www/appclient/protected/views/site/info.php (6)
in /var/www/appclient/protected/controllers/SiteController.php (40)
in /var/www/appclient/public/index.php (15)
